#
# There is insufficient memory for the Java Runtime Environment to continue.
# Native memory allocation (mmap) failed to map 84934656 bytes. Error detail: G1 virtual space
# Possible reasons:
#   The system is out of physical RAM or swap space
#   This process is running with CompressedOops enabled, and the Java Heap may be blocking the growth of the native heap
# Possible solutions:
#   Reduce memory load on the system
#   Increase physical memory or swap space
#   Check if swap backing store is full
#   Decrease Java heap size (-Xmx/-Xms)
#   Decrease number of Java threads
#   Decrease Java thread stack sizes (-Xss)
#   Set larger code cache with -XX:ReservedCodeCacheSize=
#   JVM is running with Unscaled Compressed Oops mode in which the Java heap is
#     placed in the first 4GB address space. The Java Heap base address is the
#     maximum limit for the native heap growth. Please use -XX:HeapBaseMinAddress
#     to set the Java Heap base and to place the Java Heap above 4GB virtual address.
# This output file may be truncated or incomplete.
#
#  Out of Memory Error (os_windows.cpp:3925), pid=3360, tid=2236
#
# JRE version: OpenJDK Runtime Environment (21.0.9) (build 21.0.9+-14787801-b1163.94)
# Java VM: OpenJDK 64-Bit Server VM (21.0.9+-14787801-b1163.94, mixed mode, tiered, compressed oops, compressed class ptrs, g1 gc, windows-amd64)
# No core dump will be written. Minidumps are not enabled by default on client versions of Windows
#

---------------  S U M M A R Y ------------

Command Line: --add-opens=java.base/java.lang=ALL-UNNAMED --add-opens=java.base/java.lang.invoke=ALL-UNNAMED --add-opens=java.base/java.util=ALL-UNNAMED --add-opens=java.prefs/java.util.prefs=ALL-UNNAMED --add-exports=jdk.compiler/com.sun.tools.javac.api=ALL-UNNAMED --add-exports=jdk.compiler/com.sun.tools.javac.util=ALL-UNNAMED --add-opens=java.base/java.util=ALL-UNNAMED --add-opens=java.prefs/java.util.prefs=ALL-UNNAMED --add-opens=java.base/java.nio.charset=ALL-UNNAMED --add-opens=java.base/java.net=ALL-UNNAMED --add-opens=java.base/java.util.concurrent=ALL-UNNAMED --add-opens=java.base/java.util.concurrent.atomic=ALL-UNNAMED --add-opens=java.xml/javax.xml.namespace=ALL-UNNAMED --add-opens=java.base/java.time=ALL-UNNAMED -Xmx2048m -Dfile.encoding=UTF-8 -Duser.country=RU -Duser.language=ru -Duser.variant -javaagent:C:\Users\Jo\.gradle\wrapper\dists\gradle-9.3.1-bin\23ovyewtku6u96viwx3xl3oks\gradle-9.3.1\lib\agents\gradle-instrumentation-agent-9.3.1.jar org.gradle.launcher.daemon.bootstrap.GradleDaemon 9.3.1

Host: AMD A8-4500M APU with Radeon(tm) HD Graphics   , 4 cores, 7G,  Windows 10 , 64 bit Build 19041 (10.0.19041.5915)
Time: Sun Mar 15 21:06:23 2026 elapsed time: 30.280097 seconds (0d 0h 0m 30s)

---------------  T H R E A D  ---------------

Current thread (0x000002231cf963e0):  VMThread "VM Thread"          [id=2236, stack(0x00000090ed200000,0x00000090ed300000) (1024K)]

Stack: [0x00000090ed200000,0x00000090ed300000]
Native frames: (J=compiled Java code, j=interpreted, Vv=VM code, C=native code)
V  [jvm.dll+0x6d6c99]
V  [jvm.dll+0x866b83]
V  [jvm.dll+0x8691ae]
V  [jvm.dll+0x869893]
V  [jvm.dll+0x280776]
V  [jvm.dll+0x6d3555]
V  [jvm.dll+0x6c6bea]
V  [jvm.dll+0x3587fb]
V  [jvm.dll+0x360476]
V  [jvm.dll+0x3b2646]
V  [jvm.dll+0x3b2918]
V  [jvm.dll+0x32af0c]
V  [jvm.dll+0x32af97]
V  [jvm.dll+0x370e7c]
V  [jvm.dll+0x36f62e]
V  [jvm.dll+0x32a661]
V  [jvm.dll+0x36ed30]
V  [jvm.dll+0x86f618]
V  [jvm.dll+0x870994]
V  [jvm.dll+0x870ed0]
V  [jvm.dll+0x871163]
V  [jvm.dll+0x80f118]
V  [jvm.dll+0x6d54ed]
C  [ucrtbase.dll+0x21bb2]
C  [KERNEL32.DLL+0x17374]
C  [ntdll.dll+0x4cc91]

VM_Operation (0x00000090f0dfb120): G1CollectForAllocation, mode: safepoint, requested by thread 0x0000022326c51940


---------------  P R O C E S S  ---------------

Threads class SMR info:
_java_thread_list=0x0000022325f67110, length=58, elements={
0x0000022306140b60, 0x000002231d133380, 0x000002231d164780, 0x000002231d142180,
0x000002231d145d80, 0x000002231d1467e0, 0x000002231d147860, 0x000002231d1486d0,
0x000002231d176220, 0x000002231d14ea50, 0x000002231d45e7d0, 0x00000223233ea930,
0x0000022322eb2080, 0x000002232364b7f0, 0x000002232394b550, 0x000002232394bbc0,
0x000002232395ff80, 0x00000223239605f0, 0x00000223236ff150, 0x00000223236ffe70,
0x0000022323700b90, 0x00000223236ff7e0, 0x00000223237018b0, 0x0000022323701220,
0x0000022325db7a50, 0x0000022325dba840, 0x0000022325dbdcc0, 0x0000022325db6d30,
0x0000022325dbaed0, 0x0000022325db8e00, 0x0000022325dba1b0, 0x0000022325dbcfa0,
0x0000022325db80e0, 0x0000022325dbbbf0, 0x0000022325dbd630, 0x0000022325db73c0,
0x0000022325dbb560, 0x0000022325dbc280, 0x0000022325db9490, 0x0000022325dbc910,
0x0000022325f7da10, 0x0000022325f7a590, 0x0000022325f784c0, 0x0000022325f78b50,
0x0000022325f7b940, 0x0000022325f76a80, 0x0000022325f77110, 0x0000022325f7ccf0,
0x0000022325f7d380, 0x0000022325f7ac20, 0x0000022325f791e0, 0x0000022325f7b2b0,
0x0000022325f7e0a0, 0x0000022325f7bfd0, 0x0000022325f77e30, 0x0000022326c51940,
0x0000022326c4ff00, 0x0000022326c50590
}

Java Threads: ( => current thread )
  0x0000022306140b60 JavaThread "main"                              [_thread_blocked, id=5064, stack(0x00000090ecb00000,0x00000090ecc00000) (1024K)]
  0x000002231d133380 JavaThread "Common-Cleaner"             daemon [_thread_blocked, id=3664, stack(0x00000090ed300000,0x00000090ed400000) (1024K)]
  0x000002231d164780 JavaThread "Reference Handler"          daemon [_thread_blocked, id=5144, stack(0x00000090ed400000,0x00000090ed500000) (1024K)]
  0x000002231d142180 JavaThread "Finalizer"                  daemon [_thread_blocked, id=5920, stack(0x00000090ed500000,0x00000090ed600000) (1024K)]
  0x000002231d145d80 JavaThread "Signal Dispatcher"          daemon [_thread_blocked, id=1956, stack(0x00000090ed600000,0x00000090ed700000) (1024K)]
  0x000002231d1467e0 JavaThread "Attach Listener"            daemon [_thread_blocked, id=5688, stack(0x00000090ed700000,0x00000090ed800000) (1024K)]
  0x000002231d147860 JavaThread "Service Thread"             daemon [_thread_blocked, id=9120, stack(0x00000090ed800000,0x00000090ed900000) (1024K)]
  0x000002231d1486d0 JavaThread "Monitor Deflation Thread"   daemon [_thread_blocked, id=2004, stack(0x00000090ed900000,0x00000090eda00000) (1024K)]
  0x000002231d176220 JavaThread "C2 CompilerThread0"         daemon [_thread_blocked, id=1152, stack(0x00000090eda00000,0x00000090edb00000) (1024K)]
  0x000002231d14ea50 JavaThread "C1 CompilerThread0"         daemon [_thread_blocked, id=3604, stack(0x00000090edb00000,0x00000090edc00000) (1024K)]
  0x000002231d45e7d0 JavaThread "Notification Thread"        daemon [_thread_blocked, id=3976, stack(0x00000090edc00000,0x00000090edd00000) (1024K)]
  0x00000223233ea930 JavaThread "Daemon health stats"               [_thread_blocked, id=8472, stack(0x00000090ee100000,0x00000090ee200000) (1024K)]
  0x0000022322eb2080 JavaThread "Incoming local TCP Connector on port 55008"        [_thread_in_native, id=1120, stack(0x00000090ee200000,0x00000090ee300000) (1024K)]
  0x000002232364b7f0 JavaThread "Daemon periodic checks"            [_thread_blocked, id=1600, stack(0x00000090ee300000,0x00000090ee400000) (1024K)]
  0x000002232394b550 JavaThread "Daemon"                            [_thread_blocked, id=2644, stack(0x00000090ee400000,0x00000090ee500000) (1024K)]
  0x000002232394bbc0 JavaThread "Handler for socket connection from /127.0.0.1:55008 to /127.0.0.1:55009"        [_thread_in_native, id=3788, stack(0x00000090ee500000,0x00000090ee600000) (1024K)]
  0x000002232395ff80 JavaThread "Cancel handler"                    [_thread_blocked, id=5876, stack(0x00000090ee600000,0x00000090ee700000) (1024K)]
  0x00000223239605f0 JavaThread "Daemon worker"                     [_thread_blocked, id=7544, stack(0x00000090ee700000,0x00000090ee800000) (1024K)]
  0x00000223236ff150 JavaThread "Asynchronous log dispatcher for DefaultDaemonConnection: socket connection from /127.0.0.1:55008 to /127.0.0.1:55009"        [_thread_blocked, id=5288, stack(0x00000090ee800000,0x00000090ee900000) (1024K)]
  0x00000223236ffe70 JavaThread "Stdin handler"                     [_thread_blocked, id=3772, stack(0x00000090ee900000,0x00000090eea00000) (1024K)]
  0x0000022323700b90 JavaThread "Daemon client event forwarder"        [_thread_blocked, id=3016, stack(0x00000090eea00000,0x00000090eeb00000) (1024K)]
  0x00000223236ff7e0 JavaThread "Cache worker for journal cache (C:\Users\Jo\.gradle\caches\journal-1)"        [_thread_blocked, id=1844, stack(0x00000090eeb00000,0x00000090eec00000) (1024K)]
  0x00000223237018b0 JavaThread "File lock request listener"        [_thread_in_native, id=6040, stack(0x00000090eec00000,0x00000090eed00000) (1024K)]
  0x0000022323701220 JavaThread "Cache worker for file hash cache (C:\Users\Jo\.gradle\caches\9.3.1\fileHashes)"        [_thread_blocked, id=2576, stack(0x00000090eed00000,0x00000090eee00000) (1024K)]
  0x0000022325db7a50 JavaThread "Cache worker for file hash cache (C:\Users\Jo\Desktop\First_App\.gradle\9.3.1\fileHashes)"        [_thread_blocked, id=5556, stack(0x00000090eee00000,0x00000090eef00000) (1024K)]
  0x0000022325dba840 JavaThread "Cache worker for Build Output Cleanup Cache (C:\Users\Jo\Desktop\First_App\.gradle\buildOutputCleanup)"        [_thread_blocked, id=8984, stack(0x00000090eef00000,0x00000090ef000000) (1024K)]
  0x0000022325dbdcc0 JavaThread "File watcher server"        daemon [_thread_in_native, id=6932, stack(0x00000090ef000000,0x00000090ef100000) (1024K)]
  0x0000022325db6d30 JavaThread "File watcher consumer"      daemon [_thread_blocked, id=5244, stack(0x00000090ef100000,0x00000090ef200000) (1024K)]
  0x0000022325dbaed0 JavaThread "jar transforms"                    [_thread_blocked, id=3020, stack(0x00000090ef200000,0x00000090ef300000) (1024K)]
  0x0000022325db8e00 JavaThread "jar transforms Thread 2"           [_thread_blocked, id=5056, stack(0x00000090ef300000,0x00000090ef400000) (1024K)]
  0x0000022325dba1b0 JavaThread "jar transforms Thread 3"           [_thread_blocked, id=2680, stack(0x00000090ef400000,0x00000090ef500000) (1024K)]
  0x0000022325dbcfa0 JavaThread "jar transforms Thread 4"           [_thread_blocked, id=7636, stack(0x00000090ef500000,0x00000090ef600000) (1024K)]
  0x0000022325db80e0 JavaThread "Cache worker for checksums cache (C:\Users\Jo\Desktop\First_App\.gradle\9.3.1\checksums)"        [_thread_blocked, id=6616, stack(0x00000090ef600000,0x00000090ef700000) (1024K)]
  0x0000022325dbbbf0 JavaThread "Cache worker for file content cache (C:\Users\Jo\.gradle\caches\9.3.1\fileContent)"        [_thread_blocked, id=8328, stack(0x00000090ef700000,0x00000090ef800000) (1024K)]
  0x0000022325dbd630 JavaThread "Cache worker for cache directory md-supplier (C:\Users\Jo\.gradle\caches\9.3.1\md-supplier)"        [_thread_blocked, id=1632, stack(0x00000090ef800000,0x00000090ef900000) (1024K)]
  0x0000022325db73c0 JavaThread "Cache worker for cache directory md-rule (C:\Users\Jo\.gradle\caches\9.3.1\md-rule)"        [_thread_blocked, id=5580, stack(0x00000090ef900000,0x00000090efa00000) (1024K)]
  0x0000022325dbb560 JavaThread "Unconstrained build operations"        [_thread_blocked, id=5268, stack(0x00000090efa00000,0x00000090efb00000) (1024K)]
  0x0000022325dbc280 JavaThread "Unconstrained build operations Thread 2"        [_thread_blocked, id=7956, stack(0x00000090efb00000,0x00000090efc00000) (1024K)]
  0x0000022325db9490 JavaThread "Unconstrained build operations Thread 3"        [_thread_blocked, id=7736, stack(0x00000090efc00000,0x00000090efd00000) (1024K)]
  0x0000022325dbc910 JavaThread "Unconstrained build operations Thread 4"        [_thread_blocked, id=8516, stack(0x00000090efd00000,0x00000090efe00000) (1024K)]
  0x0000022325f7da10 JavaThread "Unconstrained build operations Thread 5"        [_thread_blocked, id=8064, stack(0x00000090efe00000,0x00000090eff00000) (1024K)]
  0x0000022325f7a590 JavaThread "Unconstrained build operations Thread 6"        [_thread_blocked, id=8908, stack(0x00000090eff00000,0x00000090f0000000) (1024K)]
  0x0000022325f784c0 JavaThread "Unconstrained build operations Thread 7"        [_thread_blocked, id=3972, stack(0x00000090f0000000,0x00000090f0100000) (1024K)]
  0x0000022325f78b50 JavaThread "Unconstrained build operations Thread 8"        [_thread_blocked, id=4404, stack(0x00000090f0100000,0x00000090f0200000) (1024K)]
  0x0000022325f7b940 JavaThread "Unconstrained build operations Thread 9"        [_thread_blocked, id=8480, stack(0x00000090f0200000,0x00000090f0300000) (1024K)]
  0x0000022325f76a80 JavaThread "Unconstrained build operations Thread 10"        [_thread_blocked, id=8996, stack(0x00000090f0300000,0x00000090f0400000) (1024K)]
  0x0000022325f77110 JavaThread "Unconstrained build operations Thread 11"        [_thread_blocked, id=4456, stack(0x00000090f0400000,0x00000090f0500000) (1024K)]
  0x0000022325f7ccf0 JavaThread "Unconstrained build operations Thread 12"        [_thread_blocked, id=7536, stack(0x00000090f0500000,0x00000090f0600000) (1024K)]
  0x0000022325f7d380 JavaThread "Unconstrained build operations Thread 13"        [_thread_blocked, id=5800, stack(0x00000090f0600000,0x00000090f0700000) (1024K)]
  0x0000022325f7ac20 JavaThread "Unconstrained build operations Thread 14"        [_thread_blocked, id=7916, stack(0x00000090f0700000,0x00000090f0800000) (1024K)]
  0x0000022325f791e0 JavaThread "Unconstrained build operations Thread 15"        [_thread_blocked, id=7964, stack(0x00000090f0800000,0x00000090f0900000) (1024K)]
  0x0000022325f7b2b0 JavaThread "Unconstrained build operations Thread 16"        [_thread_blocked, id=2556, stack(0x00000090f0900000,0x00000090f0a00000) (1024K)]
  0x0000022325f7e0a0 JavaThread "Unconstrained build operations Thread 17"        [_thread_blocked, id=3712, stack(0x00000090f0a00000,0x00000090f0b00000) (1024K)]
  0x0000022325f7bfd0 JavaThread "Unconstrained build operations Thread 18"        [_thread_blocked, id=1440, stack(0x00000090f0b00000,0x00000090f0c00000) (1024K)]
  0x0000022325f77e30 JavaThread "Unconstrained build operations Thread 19"        [_thread_blocked, id=976, stack(0x00000090f0c00000,0x00000090f0d00000) (1024K)]
  0x0000022326c51940 JavaThread "Unconstrained build operations Thread 20"        [_thread_blocked, id=5168, stack(0x00000090f0d00000,0x00000090f0e00000) (1024K)]
  0x0000022326c4ff00 JavaThread "Unconstrained build operations Thread 21"        [_thread_blocked, id=5668, stack(0x00000090f0e00000,0x00000090f0f00000) (1024K)]
  0x0000022326c50590 JavaThread "Unconstrained build operations Thread 22"        [_thread_blocked, id=3804, stack(0x00000090f0f00000,0x00000090f1000000) (1024K)]
Total: 58

Other Threads:
=>0x000002231cf963e0 VMThread "VM Thread"                           [id=2236, stack(0x00000090ed200000,0x00000090ed300000) (1024K)]
  0x000002231cf387b0 WatcherThread "VM Periodic Task Thread"        [id=4172, stack(0x00000090ed100000,0x00000090ed200000) (1024K)]
  0x00000223061960f0 WorkerThread "GC Thread#0"                     [id=3268, stack(0x00000090ecc00000,0x00000090ecd00000) (1024K)]
  0x000002231d4fce30 WorkerThread "GC Thread#1"                     [id=6348, stack(0x00000090ede00000,0x00000090edf00000) (1024K)]
  0x000002231d7ea630 WorkerThread "GC Thread#2"                     [id=3076, stack(0x00000090edf00000,0x00000090ee000000) (1024K)]
  0x000002231d6c6460 WorkerThread "GC Thread#3"                     [id=6568, stack(0x00000090ee000000,0x00000090ee100000) (1024K)]
  0x00000223061a8160 ConcurrentGCThread "G1 Main Marker"            [id=3092, stack(0x00000090ecd00000,0x00000090ece00000) (1024K)]
  0x00000223061a9310 WorkerThread "G1 Conc#0"                       [id=6420, stack(0x00000090ece00000,0x00000090ecf00000) (1024K)]
  0x000002231ce074e0 ConcurrentGCThread "G1 Refine#0"               [id=9192, stack(0x00000090ecf00000,0x00000090ed000000) (1024K)]
  0x000002231ce07d00 ConcurrentGCThread "G1 Service"                [id=3024, stack(0x00000090ed000000,0x00000090ed100000) (1024K)]
Total: 10

Threads with active compile tasks:
C2 CompilerThread0  30329 8942       4       java.math.BigInteger::makePositive (331 bytes)
Total: 1

VM state: at safepoint (normal execution)

VM Mutex/Monitor currently owned by a thread:  ([mutex/lock_event])
[0x00007ff885bd8690] Threads_lock - owner thread: 0x000002231cf963e0
[0x00007ff885bd8790] Heap_lock - owner thread: 0x0000022326c51940

Heap address: 0x0000000080000000, size: 2048 MB, Compressed Oops mode: 32-bit

CDS archive(s) not mapped
Compressed class space mapped at: 0x0000000100000000-0x0000000140000000, reserved size: 1073741824
Narrow klass base: 0x0000000000000000, Narrow klass shift: 3, Narrow klass range: 0x140000000

GC Precious Log:
 CardTable entry size: 512
 Card Set container configuration: InlinePtr #cards 5 size 8 Array Of Cards #cards 12 size 40 Howl #buckets 4 coarsen threshold 1843 Howl Bitmap #cards 512 size 80 coarsen threshold 460 Card regions per heap region 1 cards per card region 2048
 CPUs: 4 total, 4 available
 Memory: 7656M
 Large Page Support: Disabled
 NUMA Support: Disabled
 Compressed Oops: Enabled (32-bit)
 Heap Region Size: 1M
 Heap Min Capacity: 8M
 Heap Initial Capacity: 120M
 Heap Max Capacity: 2G
 Pre-touch: Disabled
 Parallel Workers: 4
 Concurrent Workers: 1
 Concurrent Refinement Workers: 4
 Periodic GC: Disabled

Heap:
 garbage-first heap   total 150528K, used 82040K [0x0000000080000000, 0x0000000100000000)
  region size 1024K, 5 young (5120K), 5 survivors (5120K)
 Metaspace       used 73744K, committed 75712K, reserved 1114112K
  class space    used 10497K, committed 11456K, reserved 1048576K

Heap Regions: E=young(eden), S=young(survivor), O=old, HS=humongous(starts), HC=humongous(continues), CS=collection set, F=free, TAMS=top-at-mark-start, PB=parsable bottom
|   0|0x0000000080000000, 0x0000000080100000, 0x0000000080100000|100%|HS|  |TAMS 0x0000000080100000| PB 0x0000000080000000| Complete 
|   1|0x0000000080100000, 0x0000000080200000, 0x0000000080200000|100%|HC|  |TAMS 0x0000000080200000| PB 0x0000000080100000| Complete 
|   2|0x0000000080200000, 0x0000000080300000, 0x0000000080300000|100%|HC|  |TAMS 0x0000000080300000| PB 0x0000000080200000| Complete 
|   3|0x0000000080300000, 0x0000000080400000, 0x0000000080400000|100%|HC|  |TAMS 0x0000000080400000| PB 0x0000000080300000| Complete 
|   4|0x0000000080400000, 0x0000000080500000, 0x0000000080500000|100%|HS|  |TAMS 0x0000000080500000| PB 0x0000000080400000| Complete 
|   5|0x0000000080500000, 0x0000000080600000, 0x0000000080600000|100%| O|  |TAMS 0x0000000080600000| PB 0x0000000080500000| Untracked 
|   6|0x0000000080600000, 0x0000000080700000, 0x0000000080700000|100%| O|  |TAMS 0x0000000080700000| PB 0x0000000080600000| Untracked 
|   7|0x0000000080700000, 0x0000000080800000, 0x0000000080800000|100%| O|  |TAMS 0x0000000080800000| PB 0x0000000080700000| Untracked 
|   8|0x0000000080800000, 0x0000000080900000, 0x0000000080900000|100%| O|  |TAMS 0x0000000080900000| PB 0x0000000080800000| Untracked 
|   9|0x0000000080900000, 0x0000000080a00000, 0x0000000080a00000|100%| O|  |TAMS 0x0000000080a00000| PB 0x0000000080900000| Untracked 
|  10|0x0000000080a00000, 0x0000000080b00000, 0x0000000080b00000|100%| O|  |TAMS 0x0000000080b00000| PB 0x0000000080a00000| Untracked 
|  11|0x0000000080b00000, 0x0000000080c00000, 0x0000000080c00000|100%| O|  |TAMS 0x0000000080c00000| PB 0x0000000080b00000| Untracked 
|  12|0x0000000080c00000, 0x0000000080d00000, 0x0000000080d00000|100%| O|  |TAMS 0x0000000080d00000| PB 0x0000000080c00000| Untracked 
|  13|0x0000000080d00000, 0x0000000080e00000, 0x0000000080e00000|100%| O|  |TAMS 0x0000000080e00000| PB 0x0000000080d00000| Untracked 
|  14|0x0000000080e00000, 0x0000000080f00000, 0x0000000080f00000|100%| O|  |TAMS 0x0000000080f00000| PB 0x0000000080e00000| Untracked 
|  15|0x0000000080f00000, 0x0000000081000000, 0x0000000081000000|100%| O|  |TAMS 0x0000000081000000| PB 0x0000000080f00000| Untracked 
|  16|0x0000000081000000, 0x0000000081100000, 0x0000000081100000|100%| O|  |TAMS 0x0000000081100000| PB 0x0000000081000000| Untracked 
|  17|0x0000000081100000, 0x0000000081200000, 0x0000000081200000|100%| O|  |TAMS 0x0000000081200000| PB 0x0000000081100000| Untracked 
|  18|0x0000000081200000, 0x0000000081300000, 0x0000000081300000|100%|HS|  |TAMS 0x0000000081300000| PB 0x0000000081200000| Complete 
|  19|0x0000000081300000, 0x0000000081400000, 0x0000000081400000|100%|HC|  |TAMS 0x0000000081400000| PB 0x0000000081300000| Complete 
|  20|0x0000000081400000, 0x0000000081500000, 0x0000000081500000|100%|HC|  |TAMS 0x0000000081500000| PB 0x0000000081400000| Complete 
|  21|0x0000000081500000, 0x0000000081600000, 0x0000000081600000|100%|HC|  |TAMS 0x0000000081600000| PB 0x0000000081500000| Complete 
|  22|0x0000000081600000, 0x0000000081700000, 0x0000000081700000|100%|HC|  |TAMS 0x0000000081700000| PB 0x0000000081600000| Complete 
|  23|0x0000000081700000, 0x0000000081800000, 0x0000000081800000|100%|HC|  |TAMS 0x0000000081800000| PB 0x0000000081700000| Complete 
|  24|0x0000000081800000, 0x0000000081900000, 0x0000000081900000|100%|HS|  |TAMS 0x0000000081900000| PB 0x0000000081800000| Complete 
|  25|0x0000000081900000, 0x0000000081a00000, 0x0000000081a00000|100%|HC|  |TAMS 0x0000000081a00000| PB 0x0000000081900000| Complete 
|  26|0x0000000081a00000, 0x0000000081b00000, 0x0000000081b00000|100%|HS|  |TAMS 0x0000000081b00000| PB 0x0000000081a00000| Complete 
|  27|0x0000000081b00000, 0x0000000081c00000, 0x0000000081c00000|100%|HS|  |TAMS 0x0000000081c00000| PB 0x0000000081b00000| Complete 
|  28|0x0000000081c00000, 0x0000000081d00000, 0x0000000081d00000|100%|HC|  |TAMS 0x0000000081d00000| PB 0x0000000081c00000| Complete 
|  29|0x0000000081d00000, 0x0000000081e00000, 0x0000000081e00000|100%|HC|  |TAMS 0x0000000081e00000| PB 0x0000000081d00000| Complete 
|  30|0x0000000081e00000, 0x0000000081f00000, 0x0000000081f00000|100%|HC|  |TAMS 0x0000000081f00000| PB 0x0000000081e00000| Complete 
|  31|0x0000000081f00000, 0x0000000082000000, 0x0000000082000000|100%|HC|  |TAMS 0x0000000082000000| PB 0x0000000081f00000| Complete 
|  32|0x0000000082000000, 0x0000000082100000, 0x0000000082100000|100%|HC|  |TAMS 0x0000000082100000| PB 0x0000000082000000| Complete 
|  33|0x0000000082100000, 0x0000000082200000, 0x0000000082200000|100%|HS|  |TAMS 0x0000000082200000| PB 0x0000000082100000| Complete 
|  34|0x0000000082200000, 0x0000000082300000, 0x0000000082300000|100%|HC|  |TAMS 0x0000000082300000| PB 0x0000000082200000| Complete 
|  35|0x0000000082300000, 0x0000000082400000, 0x0000000082400000|100%|HS|  |TAMS 0x0000000082400000| PB 0x0000000082300000| Complete 
|  36|0x0000000082400000, 0x0000000082500000, 0x0000000082500000|100%| O|  |TAMS 0x0000000082500000| PB 0x0000000082400000| Untracked 
|  37|0x0000000082500000, 0x0000000082600000, 0x0000000082600000|100%| O|  |TAMS 0x0000000082600000| PB 0x0000000082500000| Untracked 
|  38|0x0000000082600000, 0x0000000082700000, 0x0000000082700000|100%| O|  |TAMS 0x0000000082700000| PB 0x0000000082600000| Untracked 
|  39|0x0000000082700000, 0x0000000082800000, 0x0000000082800000|100%| O|  |TAMS 0x0000000082800000| PB 0x0000000082700000| Untracked 
|  40|0x0000000082800000, 0x0000000082900000, 0x0000000082900000|100%| O|  |TAMS 0x0000000082900000| PB 0x0000000082800000| Untracked 
|  41|0x0000000082900000, 0x0000000082a00000, 0x0000000082a00000|100%| O|  |TAMS 0x0000000082a00000| PB 0x0000000082900000| Untracked 
|  42|0x0000000082a00000, 0x0000000082b00000, 0x0000000082b00000|100%| O|  |TAMS 0x0000000082b00000| PB 0x0000000082a00000| Untracked 
|  43|0x0000000082b00000, 0x0000000082c00000, 0x0000000082c00000|100%|HS|  |TAMS 0x0000000082c00000| PB 0x0000000082b00000| Complete 
|  44|0x0000000082c00000, 0x0000000082d00000, 0x0000000082d00000|100%|HC|  |TAMS 0x0000000082d00000| PB 0x0000000082c00000| Complete 
|  45|0x0000000082d00000, 0x0000000082e00000, 0x0000000082e00000|100%| O|  |TAMS 0x0000000082e00000| PB 0x0000000082d00000| Untracked 
|  46|0x0000000082e00000, 0x0000000082f00000, 0x0000000082f00000|100%| O|  |TAMS 0x0000000082f00000| PB 0x0000000082e00000| Untracked 
|  47|0x0000000082f00000, 0x0000000083000000, 0x0000000083000000|100%| O|  |TAMS 0x0000000083000000| PB 0x0000000082f00000| Untracked 
|  48|0x0000000083000000, 0x0000000083100000, 0x0000000083100000|100%| O|  |TAMS 0x0000000083100000| PB 0x0000000083000000| Untracked 
|  49|0x0000000083100000, 0x0000000083200000, 0x0000000083200000|100%| O|  |TAMS 0x0000000083200000| PB 0x0000000083100000| Untracked 
|  50|0x0000000083200000, 0x0000000083300000, 0x0000000083300000|100%| O|  |TAMS 0x0000000083300000| PB 0x0000000083200000| Untracked 
|  51|0x0000000083300000, 0x0000000083400000, 0x0000000083400000|100%| O|  |TAMS 0x0000000083400000| PB 0x0000000083300000| Untracked 
|  52|0x0000000083400000, 0x0000000083500000, 0x0000000083500000|100%| O|  |TAMS 0x0000000083500000| PB 0x0000000083400000| Untracked 
|  53|0x0000000083500000, 0x0000000083600000, 0x0000000083600000|100%| O|  |TAMS 0x0000000083600000| PB 0x0000000083500000| Untracked 
|  54|0x0000000083600000, 0x0000000083700000, 0x0000000083700000|100%| O|  |TAMS 0x0000000083700000| PB 0x0000000083600000| Untracked 
|  55|0x0000000083700000, 0x0000000083700000, 0x0000000083800000|  0%| F|  |TAMS 0x0000000083700000| PB 0x0000000083700000| Untracked 
|  56|0x0000000083800000, 0x0000000083900000, 0x0000000083900000|100%| O|  |TAMS 0x0000000083900000| PB 0x0000000083800000| Untracked 
|  57|0x0000000083900000, 0x0000000083a00000, 0x0000000083a00000|100%| O|  |TAMS 0x0000000083a00000| PB 0x0000000083900000| Untracked 
|  58|0x0000000083a00000, 0x0000000083b00000, 0x0000000083b00000|100%| O|  |TAMS 0x0000000083b00000| PB 0x0000000083a00000| Untracked 
|  59|0x0000000083b00000, 0x0000000083c00000, 0x0000000083c00000|100%| O|  |TAMS 0x0000000083c00000| PB 0x0000000083b00000| Untracked 
|  60|0x0000000083c00000, 0x0000000083d00000, 0x0000000083d00000|100%| O|  |TAMS 0x0000000083d00000| PB 0x0000000083c00000| Untracked 
|  61|0x0000000083d00000, 0x0000000083e00000, 0x0000000083e00000|100%| O|  |TAMS 0x0000000083e00000| PB 0x0000000083d00000| Untracked 
|  62|0x0000000083e00000, 0x0000000083f00000, 0x0000000083f00000|100%| O|  |TAMS 0x0000000083f00000| PB 0x0000000083e00000| Untracked 
|  63|0x0000000083f00000, 0x0000000084000000, 0x0000000084000000|100%| O|  |TAMS 0x0000000084000000| PB 0x0000000083f00000| Untracked 
|  64|0x0000000084000000, 0x0000000084100000, 0x0000000084100000|100%| O|  |TAMS 0x0000000084100000| PB 0x0000000084000000| Untracked 
|  65|0x0000000084100000, 0x0000000084200000, 0x0000000084200000|100%| O|  |TAMS 0x0000000084200000| PB 0x0000000084100000| Untracked 
|  66|0x0000000084200000, 0x0000000084300000, 0x0000000084300000|100%| O|  |TAMS 0x0000000084300000| PB 0x0000000084200000| Untracked 
|  67|0x0000000084300000, 0x000000008438efa0, 0x0000000084400000| 55%| O|  |TAMS 0x000000008438efa0| PB 0x0000000084300000| Untracked 
|  68|0x0000000084400000, 0x0000000084400000, 0x0000000084500000|  0%| F|  |TAMS 0x0000000084400000| PB 0x0000000084400000| Untracked 
|  69|0x0000000084500000, 0x0000000084500000, 0x0000000084600000|  0%| F|  |TAMS 0x0000000084500000| PB 0x0000000084500000| Untracked 
|  70|0x0000000084600000, 0x000000008468f3e8, 0x0000000084700000| 55%| S|CS|TAMS 0x0000000084600000| PB 0x0000000084600000| Complete 
|  71|0x0000000084700000, 0x0000000084800000, 0x0000000084800000|100%| S|CS|TAMS 0x0000000084700000| PB 0x0000000084700000| Complete 
|  72|0x0000000084800000, 0x0000000084800000, 0x0000000084900000|  0%| F|  |TAMS 0x0000000084800000| PB 0x0000000084800000| Untracked 
|  73|0x0000000084900000, 0x0000000084900000, 0x0000000084a00000|  0%| F|  |TAMS 0x0000000084900000| PB 0x0000000084900000| Untracked 
|  74|0x0000000084a00000, 0x0000000084b00000, 0x0000000084b00000|100%| S|CS|TAMS 0x0000000084a00000| PB 0x0000000084a00000| Complete 
|  75|0x0000000084b00000, 0x0000000084c00000, 0x0000000084c00000|100%| S|CS|TAMS 0x0000000084b00000| PB 0x0000000084b00000| Complete 
|  76|0x0000000084c00000, 0x0000000084c00000, 0x0000000084d00000|  0%| F|  |TAMS 0x0000000084c00000| PB 0x0000000084c00000| Untracked 
|  77|0x0000000084d00000, 0x0000000084d00000, 0x0000000084e00000|  0%| F|  |TAMS 0x0000000084d00000| PB 0x0000000084d00000| Untracked 
|  78|0x0000000084e00000, 0x0000000084e00000, 0x0000000084f00000|  0%| F|  |TAMS 0x0000000084e00000| PB 0x0000000084e00000| Untracked 
|  79|0x0000000084f00000, 0x0000000085000000, 0x0000000085000000|100%| S|CS|TAMS 0x0000000084f00000| PB 0x0000000084f00000| Complete 
|  80|0x0000000085000000, 0x0000000085000000, 0x0000000085100000|  0%| F|  |TAMS 0x0000000085000000| PB 0x0000000085000000| Untracked 
|  81|0x0000000085100000, 0x0000000085100000, 0x0000000085200000|  0%| F|  |TAMS 0x0000000085100000| PB 0x0000000085100000| Untracked 
|  82|0x0000000085200000, 0x0000000085200000, 0x0000000085300000|  0%| F|  |TAMS 0x0000000085200000| PB 0x0000000085200000| Untracked 
|  83|0x0000000085300000, 0x0000000085300000, 0x0000000085400000|  0%| F|  |TAMS 0x0000000085300000| PB 0x0000000085300000| Untracked 
|  84|0x0000000085400000, 0x0000000085400000, 0x0000000085500000|  0%| F|  |TAMS 0x0000000085400000| PB 0x0000000085400000| Untracked 
|  85|0x0000000085500000, 0x0000000085500000, 0x0000000085600000|  0%| F|  |TAMS 0x0000000085500000| PB 0x0000000085500000| Untracked 
|  86|0x0000000085600000, 0x0000000085600000, 0x0000000085700000|  0%| F|  |TAMS 0x0000000085600000| PB 0x0000000085600000| Untracked 
|  87|0x0000000085700000, 0x0000000085700000, 0x0000000085800000|  0%| F|  |TAMS 0x0000000085700000| PB 0x0000000085700000| Untracked 
|  88|0x0000000085800000, 0x0000000085800000, 0x0000000085900000|  0%| F|  |TAMS 0x0000000085800000| PB 0x0000000085800000| Untracked 
|  89|0x0000000085900000, 0x0000000085900000, 0x0000000085a00000|  0%| F|  |TAMS 0x0000000085900000| PB 0x0000000085900000| Untracked 
|  90|0x0000000085a00000, 0x0000000085a00000, 0x0000000085b00000|  0%| F|  |TAMS 0x0000000085a00000| PB 0x0000000085a00000| Untracked 
|  91|0x0000000085b00000, 0x0000000085b00000, 0x0000000085c00000|  0%| F|  |TAMS 0x0000000085b00000| PB 0x0000000085b00000| Untracked 
|  92|0x0000000085c00000, 0x0000000085c00000, 0x0000000085d00000|  0%| F|  |TAMS 0x0000000085c00000| PB 0x0000000085c00000| Untracked 
|  93|0x0000000085d00000, 0x0000000085d00000, 0x0000000085e00000|  0%| F|  |TAMS 0x0000000085d00000| PB 0x0000000085d00000| Untracked 
|  94|0x0000000085e00000, 0x0000000085e00000, 0x0000000085f00000|  0%| F|  |TAMS 0x0000000085e00000| PB 0x0000000085e00000| Untracked 
|  95|0x0000000085f00000, 0x0000000085f00000, 0x0000000086000000|  0%| F|  |TAMS 0x0000000085f00000| PB 0x0000000085f00000| Untracked 
|  96|0x0000000086000000, 0x0000000086000000, 0x0000000086100000|  0%| F|  |TAMS 0x0000000086000000| PB 0x0000000086000000| Untracked 
|  97|0x0000000086100000, 0x0000000086100000, 0x0000000086200000|  0%| F|  |TAMS 0x0000000086100000| PB 0x0000000086100000| Untracked 
|  98|0x0000000086200000, 0x0000000086200000, 0x0000000086300000|  0%| F|  |TAMS 0x0000000086200000| PB 0x0000000086200000| Untracked 
|  99|0x0000000086300000, 0x0000000086300000, 0x0000000086400000|  0%| F|  |TAMS 0x0000000086300000| PB 0x0000000086300000| Untracked 
| 100|0x0000000086400000, 0x0000000086400000, 0x0000000086500000|  0%| F|  |TAMS 0x0000000086400000| PB 0x0000000086400000| Untracked 
| 101|0x0000000086500000, 0x0000000086500000, 0x0000000086600000|  0%| F|  |TAMS 0x0000000086500000| PB 0x0000000086500000| Untracked 
| 102|0x0000000086600000, 0x0000000086600000, 0x0000000086700000|  0%| F|  |TAMS 0x0000000086600000| PB 0x0000000086600000| Untracked 
| 103|0x0000000086700000, 0x0000000086700000, 0x0000000086800000|  0%| F|  |TAMS 0x0000000086700000| PB 0x0000000086700000| Untracked 
| 104|0x0000000086800000, 0x0000000086800000, 0x0000000086900000|  0%| F|  |TAMS 0x0000000086800000| PB 0x0000000086800000| Untracked 
| 105|0x0000000086900000, 0x0000000086900000, 0x0000000086a00000|  0%| F|  |TAMS 0x0000000086900000| PB 0x0000000086900000| Untracked 
| 106|0x0000000086a00000, 0x0000000086a00000, 0x0000000086b00000|  0%| F|  |TAMS 0x0000000086a00000| PB 0x0000000086a00000| Untracked 
| 107|0x0000000086b00000, 0x0000000086b00000, 0x0000000086c00000|  0%| F|  |TAMS 0x0000000086b00000| PB 0x0000000086b00000| Untracked 
| 108|0x0000000086c00000, 0x0000000086c00000, 0x0000000086d00000|  0%| F|  |TAMS 0x0000000086c00000| PB 0x0000000086c00000| Untracked 
| 109|0x0000000086d00000, 0x0000000086d00000, 0x0000000086e00000|  0%| F|  |TAMS 0x0000000086d00000| PB 0x0000000086d00000| Untracked 
| 110|0x0000000086e00000, 0x0000000086e00000, 0x0000000086f00000|  0%| F|  |TAMS 0x0000000086e00000| PB 0x0000000086e00000| Untracked 
| 111|0x0000000086f00000, 0x0000000086f00000, 0x0000000087000000|  0%| F|  |TAMS 0x0000000086f00000| PB 0x0000000086f00000| Untracked 
| 112|0x0000000087000000, 0x0000000087000000, 0x0000000087100000|  0%| F|  |TAMS 0x0000000087000000| PB 0x0000000087000000| Untracked 
| 113|0x0000000087100000, 0x0000000087100000, 0x0000000087200000|  0%| F|  |TAMS 0x0000000087100000| PB 0x0000000087100000| Untracked 
| 114|0x0000000087200000, 0x0000000087200000, 0x0000000087300000|  0%| F|  |TAMS 0x0000000087200000| PB 0x0000000087200000| Untracked 
| 115|0x0000000087300000, 0x0000000087300000, 0x0000000087400000|  0%| F|  |TAMS 0x0000000087300000| PB 0x0000000087300000| Untracked 
| 116|0x0000000087400000, 0x0000000087400000, 0x0000000087500000|  0%| F|  |TAMS 0x0000000087400000| PB 0x0000000087400000| Untracked 
| 117|0x0000000087500000, 0x0000000087500000, 0x0000000087600000|  0%| F|  |TAMS 0x0000000087500000| PB 0x0000000087500000| Untracked 
| 118|0x0000000087600000, 0x0000000087600000, 0x0000000087700000|  0%| F|  |TAMS 0x0000000087600000| PB 0x0000000087600000| Untracked 
| 119|0x0000000087700000, 0x0000000087700000, 0x0000000087800000|  0%| F|  |TAMS 0x0000000087700000| PB 0x0000000087700000| Untracked 
| 120|0x0000000087800000, 0x0000000087800000, 0x0000000087900000|  0%| F|  |TAMS 0x0000000087800000| PB 0x0000000087800000| Untracked 
| 121|0x0000000087900000, 0x0000000087900000, 0x0000000087a00000|  0%| F|  |TAMS 0x0000000087900000| PB 0x0000000087900000| Untracked 
| 122|0x0000000087a00000, 0x0000000087a00000, 0x0000000087b00000|  0%| F|  |TAMS 0x0000000087a00000| PB 0x0000000087a00000| Untracked 
| 123|0x0000000087b00000, 0x0000000087b00000, 0x0000000087c00000|  0%| F|  |TAMS 0x0000000087b00000| PB 0x0000000087b00000| Untracked 
| 124|0x0000000087c00000, 0x0000000087c00000, 0x0000000087d00000|  0%| F|  |TAMS 0x0000000087c00000| PB 0x0000000087c00000| Untracked 
| 125|0x0000000087d00000, 0x0000000087d00000, 0x0000000087e00000|  0%| F|  |TAMS 0x0000000087d00000| PB 0x0000000087d00000| Untracked 
| 126|0x0000000087e00000, 0x0000000087e00000, 0x0000000087f00000|  0%| F|  |TAMS 0x0000000087e00000| PB 0x0000000087e00000| Untracked 
| 127|0x0000000087f00000, 0x0000000087f00000, 0x0000000088000000|  0%| F|  |TAMS 0x0000000087f00000| PB 0x0000000087f00000| Untracked 
| 128|0x0000000088000000, 0x0000000088000000, 0x0000000088100000|  0%| F|  |TAMS 0x0000000088000000| PB 0x0000000088000000| Untracked 
| 129|0x0000000088100000, 0x0000000088100000, 0x0000000088200000|  0%| F|  |TAMS 0x0000000088100000| PB 0x0000000088100000| Untracked 
| 130|0x0000000088200000, 0x0000000088200000, 0x0000000088300000|  0%| F|  |TAMS 0x0000000088200000| PB 0x0000000088200000| Untracked 
| 131|0x0000000088300000, 0x0000000088300000, 0x0000000088400000|  0%| F|  |TAMS 0x0000000088300000| PB 0x0000000088300000| Untracked 
| 132|0x0000000088400000, 0x0000000088400000, 0x0000000088500000|  0%| F|  |TAMS 0x0000000088400000| PB 0x0000000088400000| Untracked 
| 133|0x0000000088500000, 0x0000000088500000, 0x0000000088600000|  0%| F|  |TAMS 0x0000000088500000| PB 0x0000000088500000| Untracked 
| 134|0x0000000088600000, 0x0000000088600000, 0x0000000088700000|  0%| F|  |TAMS 0x0000000088600000| PB 0x0000000088600000| Untracked 
| 135|0x0000000088700000, 0x0000000088700000, 0x0000000088800000|  0%| F|  |TAMS 0x0000000088700000| PB 0x0000000088700000| Untracked 
|2037|0x00000000ff500000, 0x00000000ff500000, 0x00000000ff600000|  0%| F|  |TAMS 0x00000000ff500000| PB 0x00000000ff500000| Untracked 
|2038|0x00000000ff600000, 0x00000000ff700000, 0x00000000ff700000|100%| O|  |TAMS 0x00000000ff700000| PB 0x00000000ff600000| Untracked 
|2039|0x00000000ff700000, 0x00000000ff800000, 0x00000000ff800000|100%| O|  |TAMS 0x00000000ff800000| PB 0x00000000ff700000| Untracked 
|2040|0x00000000ff800000, 0x00000000ff900000, 0x00000000ff900000|100%| O|  |TAMS 0x00000000ff900000| PB 0x00000000ff800000| Untracked 
|2041|0x00000000ff900000, 0x00000000ffa00000, 0x00000000ffa00000|100%| O|  |TAMS 0x00000000ffa00000| PB 0x00000000ff900000| Untracked 
|2042|0x00000000ffa00000, 0x00000000ffb00000, 0x00000000ffb00000|100%| O|  |TAMS 0x00000000ffb00000| PB 0x00000000ffa00000| Untracked 
|2043|0x00000000ffb00000, 0x00000000ffb00000, 0x00000000ffc00000|  0%| F|  |TAMS 0x00000000ffb00000| PB 0x00000000ffb00000| Untracked 
|2044|0x00000000ffc00000, 0x00000000ffd00000, 0x00000000ffd00000|100%| O|  |TAMS 0x00000000ffd00000| PB 0x00000000ffc00000| Untracked 
|2045|0x00000000ffd00000, 0x00000000ffe00000, 0x00000000ffe00000|100%| O|  |TAMS 0x00000000ffe00000| PB 0x00000000ffd00000| Untracked 
|2046|0x00000000ffe00000, 0x00000000fff00000, 0x00000000fff00000|100%| O|  |TAMS 0x00000000fff00000| PB 0x00000000ffe00000| Untracked 
|2047|0x00000000fff00000, 0x0000000100000000, 0x0000000100000000|100%| O|  |TAMS 0x0000000100000000| PB 0x00000000fff00000| Untracked 

Card table byte_map: [0x00000223186b0000,0x0000022318ab0000] _byte_map_base: 0x00000223182b0000

Marking Bits: (CMBitMap*) 0x0000022306197710
 Bits: [0x0000022318ab0000, 0x000002231aab0000)

Polling page: 0x0000022303e40000

Metaspace:

Usage:
  Non-class:     61.77 MB used.
      Class:     10.25 MB used.
       Both:     72.02 MB used.

Virtual space:
  Non-class space:       64.00 MB reserved,      62.75 MB ( 98%) committed,  1 nodes.
      Class space:        1.00 GB reserved,      11.19 MB (  1%) committed,  1 nodes.
             Both:        1.06 GB reserved,      73.94 MB (  7%) committed. 

Chunk freelists:
   Non-Class:  1.23 MB
       Class:  4.67 MB
        Both:  5.91 MB

MaxMetaspaceSize: unlimited
CompressedClassSpaceSize: 1.00 GB
Initial GC threshold: 21.00 MB
Current GC threshold: 123.06 MB
CDS: off
 - commit_granule_bytes: 65536.
 - commit_granule_words: 8192.
 - virtual_space_node_default_size: 8388608.
 - enlarge_chunks_in_place: 1.
 - use_allocation_guard: 0.


Internal statistics:

num_allocs_failed_limit: 9.
num_arena_births: 3726.
num_arena_deaths: 0.
num_vsnodes_births: 2.
num_vsnodes_deaths: 0.
num_space_committed: 1183.
num_space_uncommitted: 0.
num_chunks_returned_to_freelist: 9.
num_chunks_taken_from_freelist: 6953.
num_chunk_merges: 3.
num_chunk_splits: 4467.
num_chunks_enlarged: 2675.
num_inconsistent_stats: 0.

CodeHeap 'non-profiled nmethods': size=120000Kb used=4335Kb max_used=4335Kb free=115664Kb
 bounds [0x0000022310d80000, 0x00000223111c0000, 0x00000223182b0000]
CodeHeap 'profiled nmethods': size=120000Kb used=14036Kb max_used=14437Kb free=105963Kb
 bounds [0x00000223092b0000, 0x000002230a0d0000, 0x00000223107e0000]
CodeHeap 'non-nmethods': size=5760Kb used=1903Kb max_used=1975Kb free=3856Kb
 bounds [0x00000223107e0000, 0x0000022310a50000, 0x0000022310d80000]
CodeCache: size=245760Kb, used=20274Kb, max_used=20747Kb, free=225483Kb
 total_blobs=8313, nmethods=7525, adapters=693, full_count=0
Compilation: enabled, stopped_count=0, restarted_count=0

Compilation events (20 events):
Event: 30.071 Thread 0x000002231d14ea50 nmethod 8934 0x0000022309340510 code [0x00000223093408e0, 0x0000022309341f60]
Event: 30.091 Thread 0x000002231d176220 8935       4       org.gradle.internal.serialize.AbstractDecoder::readBytes (9 bytes)
Event: 30.096 Thread 0x000002231d176220 nmethod 8935 0x00000223110d9010 code [0x00000223110d91c0, 0x00000223110d9410]
Event: 30.096 Thread 0x000002231d176220 8936       4       com.google.common.collect.CollectSpliterators$1WithCharacteristics::characteristics (9 bytes)
Event: 30.097 Thread 0x000002231d176220 nmethod 8936 0x00000223110d8d10 code [0x00000223110d8ea0, 0x00000223110d8f30]
Event: 30.109 Thread 0x000002231d176220 8937       4       com.google.common.collect.RegularImmutableMap::fromEntryArrayCheckingBucketOverflow (282 bytes)
Event: 30.130 Thread 0x000002231d14ea50 8939   !   3       org.gradle.api.internal.artifacts.transform.TransformingAsyncArtifactListener$TransformedArtifact::finalizeValue (168 bytes)
Event: 30.133 Thread 0x000002231d14ea50 nmethod 8939 0x0000022309f01e10 code [0x0000022309f02180, 0x0000022309f03728]
Event: 30.166 Thread 0x000002231d176220 nmethod 8937 0x00000223111b9290 code [0x00000223111b9560, 0x00000223111ba8d0]
Event: 30.166 Thread 0x000002231d176220 8938       4       org.gradle.internal.hash.HashCode::fromBytes (47 bytes)
Event: 30.178 Thread 0x000002231d176220 nmethod 8938 0x00000223110d8410 code [0x00000223110d85c0, 0x00000223110d8a60]
Event: 30.206 Thread 0x000002231d176220 8940   !   4       sun.nio.fs.WindowsFileAttributes::toFileTime (47 bytes)
Event: 30.209 Thread 0x000002231d176220 nmethod 8940 0x00000223111bb510 code [0x00000223111bb6c0, 0x00000223111bb858]
Event: 30.217 Thread 0x000002231d176220 8941   !   4       org.gradle.internal.serialize.kryo.KryoBackedDecoder::readBytes (23 bytes)
Event: 30.222 Thread 0x000002231d176220 nmethod 8941 0x00000223111bba10 code [0x00000223111bbba0, 0x00000223111bbd78]
Event: 30.240 Thread 0x000002231d176220 8942       4       java.math.BigInteger::makePositive (331 bytes)
Event: 30.251 Thread 0x000002231d14ea50 8944       3       com.google.common.collect.ImmutableMapEntry::createEntryArray (5 bytes)
Event: 30.251 Thread 0x000002231d14ea50 nmethod 8944 0x000002230946e590 code [0x000002230946e720, 0x000002230946e898]
Event: 30.258 Thread 0x000002231d14ea50 8945       3       java.util.concurrent.atomic.Striped64$Cell::cas (10 bytes)
Event: 30.260 Thread 0x000002231d14ea50 nmethod 8945 0x00000223092bae90 code [0x00000223092bb0c0, 0x00000223092bb790]

GC Heap History (20 events):
Event: 23.720 GC heap after
{Heap after GC invocations=20 (full 0):
 garbage-first heap   total 120832K, used 72004K [0x0000000080000000, 0x0000000100000000)
  region size 1024K, 3 young (3072K), 3 survivors (3072K)
 Metaspace       used 66136K, committed 68032K, reserved 1114112K
  class space    used 9407K, committed 10304K, reserved 1048576K
}
Event: 25.159 GC heap before
{Heap before GC invocations=20 (full 0):
 garbage-first heap   total 120832K, used 110916K [0x0000000080000000, 0x0000000100000000)
  region size 1024K, 41 young (41984K), 3 survivors (3072K)
 Metaspace       used 71040K, committed 72960K, reserved 1114112K
  class space    used 10171K, committed 11072K, reserved 1048576K
}
Event: 25.171 GC heap after
{Heap after GC invocations=21 (full 0):
 garbage-first heap   total 120832K, used 73586K [0x0000000080000000, 0x0000000100000000)
  region size 1024K, 5 young (5120K), 5 survivors (5120K)
 Metaspace       used 71040K, committed 72960K, reserved 1114112K
  class space    used 10171K, committed 11072K, reserved 1048576K
}
Event: 26.795 GC heap before
{Heap before GC invocations=22 (full 0):
 garbage-first heap   total 124928K, used 111474K [0x0000000080000000, 0x0000000100000000)
  region size 1024K, 42 young (43008K), 5 survivors (5120K)
 Metaspace       used 73219K, committed 75136K, reserved 1114112K
  class space    used 10495K, committed 11456K, reserved 1048576K
}
Event: 26.815 GC heap after
{Heap after GC invocations=23 (full 0):
 garbage-first heap   total 124928K, used 77538K [0x0000000080000000, 0x0000000100000000)
  region size 1024K, 6 young (6144K), 6 survivors (6144K)
 Metaspace       used 73219K, committed 75136K, reserved 1114112K
  class space    used 10495K, committed 11456K, reserved 1048576K
}
Event: 27.303 GC heap before
{Heap before GC invocations=23 (full 0):
 garbage-first heap   total 124928K, used 114402K [0x0000000080000000, 0x0000000100000000)
  region size 1024K, 43 young (44032K), 6 survivors (6144K)
 Metaspace       used 73372K, committed 75328K, reserved 1114112K
  class space    used 10495K, committed 11456K, reserved 1048576K
}
Event: 27.321 GC heap after
{Heap after GC invocations=24 (full 0):
 garbage-first heap   total 124928K, used 78317K [0x0000000080000000, 0x0000000100000000)
  region size 1024K, 2 young (2048K), 2 survivors (2048K)
 Metaspace       used 73372K, committed 75328K, reserved 1114112K
  class space    used 10495K, committed 11456K, reserved 1048576K
}
Event: 27.962 GC heap before
{Heap before GC invocations=24 (full 0):
 garbage-first heap   total 124928K, used 115181K [0x0000000080000000, 0x0000000100000000)
  region size 1024K, 39 young (39936K), 2 survivors (2048K)
 Metaspace       used 73617K, committed 75584K, reserved 1114112K
  class space    used 10495K, committed 11456K, reserved 1048576K
}
Event: 27.969 GC heap after
{Heap after GC invocations=25 (full 0):
 garbage-first heap   total 150528K, used 78654K [0x0000000080000000, 0x0000000100000000)
  region size 1024K, 2 young (2048K), 2 survivors (2048K)
 Metaspace       used 73617K, committed 75584K, reserved 1114112K
  class space    used 10495K, committed 11456K, reserved 1048576K
}
Event: 28.600 GC heap before
{Heap before GC invocations=26 (full 0):
 garbage-first heap   total 150528K, used 140094K [0x0000000080000000, 0x0000000100000000)
  region size 1024K, 63 young (64512K), 2 survivors (2048K)
 Metaspace       used 73688K, committed 75648K, reserved 1114112K
  class space    used 10495K, committed 11456K, reserved 1048576K
}
Event: 28.608 GC heap after
{Heap after GC invocations=27 (full 0):
 garbage-first heap   total 150528K, used 79491K [0x0000000080000000, 0x0000000100000000)
  region size 1024K, 3 young (3072K), 3 survivors (3072K)
 Metaspace       used 73688K, committed 75648K, reserved 1114112K
  class space    used 10495K, committed 11456K, reserved 1048576K
}
Event: 28.928 GC heap before
{Heap before GC invocations=27 (full 0):
 garbage-first heap   total 150528K, used 140931K [0x0000000080000000, 0x0000000100000000)
  region size 1024K, 64 young (65536K), 3 survivors (3072K)
 Metaspace       used 73709K, committed 75648K, reserved 1114112K
  class space    used 10496K, committed 11456K, reserved 1048576K
}
Event: 28.939 GC heap after
{Heap after GC invocations=28 (full 0):
 garbage-first heap   total 150528K, used 80215K [0x0000000080000000, 0x0000000100000000)
  region size 1024K, 4 young (4096K), 4 survivors (4096K)
 Metaspace       used 73709K, committed 75648K, reserved 1114112K
  class space    used 10496K, committed 11456K, reserved 1048576K
}
Event: 29.263 GC heap before
{Heap before GC invocations=28 (full 0):
 garbage-first heap   total 150528K, used 140631K [0x0000000080000000, 0x0000000100000000)
  region size 1024K, 64 young (65536K), 4 survivors (4096K)
 Metaspace       used 73738K, committed 75712K, reserved 1114112K
  class space    used 10497K, committed 11456K, reserved 1048576K
}
Event: 29.272 GC heap after
{Heap after GC invocations=29 (full 0):
 garbage-first heap   total 150528K, used 80523K [0x0000000080000000, 0x0000000100000000)
  region size 1024K, 4 young (4096K), 4 survivors (4096K)
 Metaspace       used 73738K, committed 75712K, reserved 1114112K
  class space    used 10497K, committed 11456K, reserved 1048576K
}
Event: 29.642 GC heap before
{Heap before GC invocations=30 (full 0):
 garbage-first heap   total 150528K, used 141963K [0x0000000080000000, 0x0000000100000000)
  region size 1024K, 64 young (65536K), 4 survivors (4096K)
 Metaspace       used 73739K, committed 75712K, reserved 1114112K
  class space    used 10497K, committed 11456K, reserved 1048576K
}
Event: 29.651 GC heap after
{Heap after GC invocations=31 (full 0):
 garbage-first heap   total 150528K, used 81181K [0x0000000080000000, 0x0000000100000000)
  region size 1024K, 5 young (5120K), 5 survivors (5120K)
 Metaspace       used 73739K, committed 75712K, reserved 1114112K
  class space    used 10497K, committed 11456K, reserved 1048576K
}
Event: 29.975 GC heap before
{Heap before GC invocations=31 (full 0):
 garbage-first heap   total 150528K, used 140573K [0x0000000080000000, 0x0000000100000000)
  region size 1024K, 64 young (65536K), 5 survivors (5120K)
 Metaspace       used 73739K, committed 75712K, reserved 1114112K
  class space    used 10497K, committed 11456K, reserved 1048576K
}
Event: 29.988 GC heap after
{Heap after GC invocations=32 (full 0):
 garbage-first heap   total 150528K, used 81672K [0x0000000080000000, 0x0000000100000000)
  region size 1024K, 5 young (5120K), 5 survivors (5120K)
 Metaspace       used 73739K, committed 75712K, reserved 1114112K
  class space    used 10497K, committed 11456K, reserved 1048576K
}
Event: 30.267 GC heap before
{Heap before GC invocations=32 (full 0):
 garbage-first heap   total 150528K, used 140040K [0x0000000080000000, 0x0000000100000000)
  region size 1024K, 63 young (64512K), 5 survivors (5120K)
 Metaspace       used 73744K, committed 75712K, reserved 1114112K
  class space    used 10497K, committed 11456K, reserved 1048576K
}

Dll operation events (3 events):
Event: 0.016 Loaded shared library C:\Program Files\Android\Android Studio\jbr\bin\java.dll
Event: 0.026 Loaded shared library C:\Program Files\Android\Android Studio\jbr\bin\zip.dll
Event: 3.386 Loaded shared library C:\Program Files\Android\Android Studio\jbr\bin\verify.dll

Deoptimization events (20 events):
Event: 29.010 Thread 0x00000223239605f0 DEOPT PACKING pc=0x0000022309f71ab2 sp=0x00000090ee7f45c0
Event: 29.010 Thread 0x00000223239605f0 DEOPT UNPACKING pc=0x0000022310834b42 sp=0x00000090ee7f3a80 mode 0
Event: 29.163 Thread 0x0000022326c51940 DEOPT PACKING pc=0x000002230972ec9a sp=0x00000090f0dfc580
Event: 29.163 Thread 0x0000022326c51940 DEOPT UNPACKING pc=0x0000022310834b42 sp=0x00000090f0dfba40 mode 0
Event: 30.166 Thread 0x0000022326c4ff00 Uncommon trap: trap_request=0xffffffd6 fr.pc=0x00000223111ba39c relative=0x0000000000000e3c
Event: 30.166 Thread 0x0000022326c4ff00 Uncommon trap: reason=array_check action=maybe_recompile pc=0x00000223111ba39c method=com.google.common.collect.RegularImmutableMap.fromEntryArrayCheckingBucketOverflow(I[Ljava/util/Map$Entry;Z)Lcom/google/common/collect/ImmutableMap; @ 220 c2
Event: 30.166 Thread 0x0000022326c4ff00 DEOPT PACKING pc=0x00000223111ba39c sp=0x00000090f0efc460
Event: 30.166 Thread 0x0000022326c4ff00 DEOPT UNPACKING pc=0x00000223108343a2 sp=0x00000090f0efc3f8 mode 2
Event: 30.166 Thread 0x0000022326c4ff00 Uncommon trap: trap_request=0xffffffd6 fr.pc=0x00000223111ba39c relative=0x0000000000000e3c
Event: 30.166 Thread 0x0000022326c4ff00 Uncommon trap: reason=array_check action=maybe_recompile pc=0x00000223111ba39c method=com.google.common.collect.RegularImmutableMap.fromEntryArrayCheckingBucketOverflow(I[Ljava/util/Map$Entry;Z)Lcom/google/common/collect/ImmutableMap; @ 220 c2
Event: 30.166 Thread 0x0000022326c4ff00 DEOPT PACKING pc=0x00000223111ba39c sp=0x00000090f0efc3c0
Event: 30.166 Thread 0x0000022326c4ff00 DEOPT UNPACKING pc=0x00000223108343a2 sp=0x00000090f0efc358 mode 2
Event: 30.172 Thread 0x00000223239605f0 Uncommon trap: trap_request=0xffffffd6 fr.pc=0x00000223111ba39c relative=0x0000000000000e3c
Event: 30.172 Thread 0x00000223239605f0 Uncommon trap: reason=array_check action=maybe_recompile pc=0x00000223111ba39c method=com.google.common.collect.RegularImmutableMap.fromEntryArrayCheckingBucketOverflow(I[Ljava/util/Map$Entry;Z)Lcom/google/common/collect/ImmutableMap; @ 220 c2
Event: 30.172 Thread 0x00000223239605f0 DEOPT PACKING pc=0x00000223111ba39c sp=0x00000090ee7f3fd0
Event: 30.172 Thread 0x00000223239605f0 DEOPT UNPACKING pc=0x00000223108343a2 sp=0x00000090ee7f3f68 mode 2
Event: 30.172 Thread 0x00000223239605f0 Uncommon trap: trap_request=0xffffffd6 fr.pc=0x00000223111ba39c relative=0x0000000000000e3c
Event: 30.172 Thread 0x00000223239605f0 Uncommon trap: reason=array_check action=maybe_recompile pc=0x00000223111ba39c method=com.google.common.collect.RegularImmutableMap.fromEntryArrayCheckingBucketOverflow(I[Ljava/util/Map$Entry;Z)Lcom/google/common/collect/ImmutableMap; @ 220 c2
Event: 30.172 Thread 0x00000223239605f0 DEOPT PACKING pc=0x00000223111ba39c sp=0x00000090ee7f3f30
Event: 30.172 Thread 0x00000223239605f0 DEOPT UNPACKING pc=0x00000223108343a2 sp=0x00000090ee7f3ec8 mode 2

Classes loaded (20 events):
Event: 25.072 Loading class java/util/IdentityHashMap$EntryIterator$Entry
Event: 25.073 Loading class java/util/IdentityHashMap$EntryIterator$Entry done
Event: 25.256 Loading class java/lang/invoke/SerializedLambda$1
Event: 25.257 Loading class java/lang/invoke/SerializedLambda$1 done
Event: 25.352 Loading class org/xml/sax/Locator
Event: 25.352 Loading class org/xml/sax/Locator done
Event: 25.353 Loading class org/xml/sax/SAXParseException
Event: 25.353 Loading class org/xml/sax/SAXParseException done
Event: 25.353 Loading class org/xml/sax/Attributes
Event: 25.354 Loading class org/xml/sax/Attributes done
Event: 25.595 Loading class java/util/function/LongUnaryOperator
Event: 25.596 Loading class java/util/function/LongUnaryOperator done
Event: 25.623 Loading class java/util/TreeMap$KeySpliterator
Event: 25.623 Loading class java/util/TreeMap$TreeMapSpliterator
Event: 25.623 Loading class java/util/TreeMap$TreeMapSpliterator done
Event: 25.623 Loading class java/util/TreeMap$KeySpliterator done
Event: 26.621 Loading class java/util/LinkedList$LLSpliterator
Event: 26.621 Loading class java/util/LinkedList$LLSpliterator done
Event: 28.644 Loading class java/util/concurrent/atomic/Striped64$Cell
Event: 28.644 Loading class java/util/concurrent/atomic/Striped64$Cell done

Classes unloaded (0 events):
No events

Classes redefined (0 events):
No events

Internal exceptions (20 events):
Event: 30.169 Thread 0x00000223239605f0 Exception <a 'sun/nio/fs/WindowsException'{0x00000000863e5d98}> (0x00000000863e5d98) 
thrown [s\src\hotspot\share\prims\jni.cpp, line 537]
Event: 30.173 Thread 0x0000022326c51940 Exception <a 'sun/nio/fs/WindowsException'{0x000000008681c3a0}> (0x000000008681c3a0) 
thrown [s\src\hotspot\share\prims\jni.cpp, line 537]
Event: 30.179 Thread 0x0000022326c50590 Exception <a 'sun/nio/fs/WindowsException'{0x0000000086264b70}> (0x0000000086264b70) 
thrown [s\src\hotspot\share\prims\jni.cpp, line 537]
Event: 30.188 Thread 0x0000022326c51940 Exception <a 'sun/nio/fs/WindowsException'{0x00000000860c69a0}> (0x00000000860c69a0) 
thrown [s\src\hotspot\share\prims\jni.cpp, line 537]
Event: 30.191 Thread 0x0000022326c50590 Exception <a 'sun/nio/fs/WindowsException'{0x0000000085fa9fb8}> (0x0000000085fa9fb8) 
thrown [s\src\hotspot\share\prims\jni.cpp, line 537]
Event: 30.199 Thread 0x0000022326c51940 Exception <a 'sun/nio/fs/WindowsException'{0x0000000085ed0738}> (0x0000000085ed0738) 
thrown [s\src\hotspot\share\prims\jni.cpp, line 537]
Event: 30.201 Thread 0x0000022326c4ff00 Exception <a 'sun/nio/fs/WindowsException'{0x0000000085d20bd0}> (0x0000000085d20bd0) 
thrown [s\src\hotspot\share\prims\jni.cpp, line 537]
Event: 30.203 Thread 0x00000223239605f0 Exception <a 'sun/nio/fs/WindowsException'{0x0000000086181e18}> (0x0000000086181e18) 
thrown [s\src\hotspot\share\prims\jni.cpp, line 537]
Event: 30.213 Thread 0x0000022326c50590 Exception <a 'sun/nio/fs/WindowsException'{0x0000000085c253f8}> (0x0000000085c253f8) 
thrown [s\src\hotspot\share\prims\jni.cpp, line 537]
Event: 30.220 Thread 0x0000022326c4ff00 Exception <a 'sun/nio/fs/WindowsException'{0x0000000085b2a820}> (0x0000000085b2a820) 
thrown [s\src\hotspot\share\prims\jni.cpp, line 537]
Event: 30.225 Thread 0x00000223239605f0 Exception <a 'sun/nio/fs/WindowsException'{0x0000000085a80430}> (0x0000000085a80430) 
thrown [s\src\hotspot\share\prims\jni.cpp, line 537]
Event: 30.235 Thread 0x0000022326c50590 Exception <a 'sun/nio/fs/WindowsException'{0x00000000857ac3a0}> (0x00000000857ac3a0) 
thrown [s\src\hotspot\share\prims\jni.cpp, line 537]
Event: 30.236 Thread 0x0000022326c4ff00 Exception <a 'sun/nio/fs/WindowsException'{0x00000000857f20d0}> (0x00000000857f20d0) 
thrown [s\src\hotspot\share\prims\jni.cpp, line 537]
Event: 30.237 Thread 0x00000223239605f0 Exception <a 'sun/nio/fs/WindowsException'{0x0000000085616320}> (0x0000000085616320) 
thrown [s\src\hotspot\share\prims\jni.cpp, line 537]
Event: 30.246 Thread 0x0000022326c50590 Exception <a 'sun/nio/fs/WindowsException'{0x000000008545ec10}> (0x000000008545ec10) 
thrown [s\src\hotspot\share\prims\jni.cpp, line 537]
Event: 30.248 Thread 0x0000022326c51940 Exception <a 'sun/nio/fs/WindowsException'{0x00000000859316b8}> (0x00000000859316b8) 
thrown [s\src\hotspot\share\prims\jni.cpp, line 537]
Event: 30.255 Thread 0x0000022326c50590 Exception <a 'sun/nio/fs/WindowsException'{0x000000008524c670}> (0x000000008524c670) 
thrown [s\src\hotspot\share\prims\jni.cpp, line 537]
Event: 30.257 Thread 0x0000022326c4ff00 Exception <a 'sun/nio/fs/WindowsException'{0x00000000852aed18}> (0x00000000852aed18) 
thrown [s\src\hotspot\share\prims\jni.cpp, line 537]
Event: 30.258 Thread 0x0000022326c51940 Exception <a 'sun/nio/fs/WindowsException'{0x0000000085132ec8}> (0x0000000085132ec8) 
thrown [s\src\hotspot\share\prims\jni.cpp, line 537]
Event: 30.264 Thread 0x00000223239605f0 Exception <a 'sun/nio/fs/WindowsException'{0x00000000851731d0}> (0x00000000851731d0) 
thrown [s\src\hotspot\share\prims\jni.cpp, line 537]

ZGC Phase Switch (0 events):
No events

VM Operations (20 events):
Event: 27.969 Executing VM operation: G1CollectForAllocation (G1 Evacuation Pause) done
Event: 28.176 Executing VM operation: G1PauseRemark
Event: 28.187 Executing VM operation: G1PauseRemark done
Event: 28.265 Executing VM operation: G1PauseCleanup
Event: 28.268 Executing VM operation: G1PauseCleanup done
Event: 28.600 Executing VM operation: G1CollectForAllocation (G1 Evacuation Pause)
Event: 28.608 Executing VM operation: G1CollectForAllocation (G1 Evacuation Pause) done
Event: 28.928 Executing VM operation: G1CollectForAllocation (G1 Evacuation Pause)
Event: 28.939 Executing VM operation: G1CollectForAllocation (G1 Evacuation Pause) done
Event: 29.263 Executing VM operation: G1CollectForAllocation (G1 Evacuation Pause)
Event: 29.272 Executing VM operation: G1CollectForAllocation (G1 Evacuation Pause) done
Event: 29.485 Executing VM operation: G1PauseRemark
Event: 29.494 Executing VM operation: G1PauseRemark done
Event: 29.570 Executing VM operation: G1PauseCleanup
Event: 29.570 Executing VM operation: G1PauseCleanup done
Event: 29.642 Executing VM operation: G1CollectForAllocation (G1 Evacuation Pause)
Event: 29.652 Executing VM operation: G1CollectForAllocation (G1 Evacuation Pause) done
Event: 29.975 Executing VM operation: G1CollectForAllocation (G1 Evacuation Pause)
Event: 29.988 Executing VM operation: G1CollectForAllocation (G1 Evacuation Pause) done
Event: 30.267 Executing VM operation: G1CollectForAllocation (G1 Evacuation Pause)

Memory protections (0 events):
No events

Nmethod flushes (20 events):
Event: 29.493 Thread 0x000002231cf963e0 flushing  nmethod 0x0000022309610a10
Event: 29.493 Thread 0x000002231cf963e0 flushing  nmethod 0x0000022309744690
Event: 29.493 Thread 0x000002231cf963e0 flushing  nmethod 0x0000022309775990
Event: 29.493 Thread 0x000002231cf963e0 flushing  nmethod 0x00000223097ae210
Event: 29.493 Thread 0x000002231cf963e0 flushing  nmethod 0x00000223097fa090
Event: 29.493 Thread 0x000002231cf963e0 flushing  nmethod 0x000002230982a590
Event: 29.493 Thread 0x000002231cf963e0 flushing  nmethod 0x000002230986da90
Event: 29.493 Thread 0x000002231cf963e0 flushing  nmethod 0x0000022309877a90
Event: 29.493 Thread 0x000002231cf963e0 flushing  nmethod 0x0000022309878090
Event: 29.493 Thread 0x000002231cf963e0 flushing  nmethod 0x00000223098c6590
Event: 29.493 Thread 0x000002231cf963e0 flushing  nmethod 0x0000022309b03190
Event: 29.493 Thread 0x000002231cf963e0 flushing  nmethod 0x0000022309b4a590
Event: 29.493 Thread 0x000002231cf963e0 flushing  nmethod 0x0000022309b75890
Event: 29.493 Thread 0x000002231cf963e0 flushing  nmethod 0x0000022309b78f90
Event: 29.493 Thread 0x000002231cf963e0 flushing  nmethod 0x0000022309bf6610
Event: 29.493 Thread 0x000002231cf963e0 flushing  nmethod 0x0000022309bf7610
Event: 29.493 Thread 0x000002231cf963e0 flushing  nmethod 0x0000022309c2bb10
Event: 29.493 Thread 0x000002231cf963e0 flushing  nmethod 0x0000022309c2be90
Event: 29.493 Thread 0x000002231cf963e0 flushing  nmethod 0x0000022309f07310
Event: 29.493 Thread 0x000002231cf963e0 flushing  nmethod 0x0000022309f07b10

Events (20 events):
Event: 21.341 Thread 0x000002231d14ea50 Thread added: 0x0000022324985ea0
Event: 22.503 Thread 0x00000223239605f0 Thread added: 0x0000022325f77110
Event: 22.523 Thread 0x00000223239605f0 Thread added: 0x0000022325f7ccf0
Event: 22.536 Thread 0x00000223239605f0 Thread added: 0x0000022325f7d380
Event: 22.789 Thread 0x0000022324985ea0 Thread exited: 0x0000022324985ea0
Event: 23.548 Thread 0x000002231d14ea50 Thread added: 0x00000223233eafa0
Event: 23.691 Thread 0x00000223233eafa0 Thread exited: 0x00000223233eafa0
Event: 24.421 Thread 0x000002231d14ea50 Thread added: 0x00000223233eafa0
Event: 25.028 Thread 0x00000223233eafa0 Thread exited: 0x00000223233eafa0
Event: 25.234 Thread 0x000002231d14ea50 Thread added: 0x00000223233eafa0
Event: 26.671 Thread 0x00000223239605f0 Thread added: 0x0000022325f7ac20
Event: 26.671 Thread 0x00000223239605f0 Thread added: 0x0000022325f791e0
Event: 26.671 Thread 0x00000223239605f0 Thread added: 0x0000022325f7b2b0
Event: 26.775 Thread 0x00000223239605f0 Thread added: 0x0000022325f7e0a0
Event: 26.777 Thread 0x00000223239605f0 Thread added: 0x0000022325f7bfd0
Event: 26.778 Thread 0x00000223239605f0 Thread added: 0x0000022325f77e30
Event: 27.406 Thread 0x00000223239605f0 Thread added: 0x0000022326c51940
Event: 27.407 Thread 0x00000223239605f0 Thread added: 0x0000022326c4ff00
Event: 27.407 Thread 0x00000223239605f0 Thread added: 0x0000022326c50590
Event: 29.907 Thread 0x00000223233eafa0 Thread exited: 0x00000223233eafa0


Dynamic libraries:
0x00007ff7859b0000 - 0x00007ff7859ba000 	C:\Program Files\Android\Android Studio\jbr\bin\java.exe
0x00007ff8f71f0000 - 0x00007ff8f73e8000 	C:\Windows\SYSTEM32\ntdll.dll
0x00007ff8f55c0000 - 0x00007ff8f5682000 	C:\Windows\System32\KERNEL32.DLL
0x00007ff8f4d00000 - 0x00007ff8f4ff6000 	C:\Windows\System32\KERNELBASE.dll
0x00007ff8f4920000 - 0x00007ff8f4a20000 	C:\Windows\System32\ucrtbase.dll
0x00007ff8cdaf0000 - 0x00007ff8cdb08000 	C:\Program Files\Android\Android Studio\jbr\bin\jli.dll
0x00007ff8f7010000 - 0x00007ff8f71ad000 	C:\Windows\System32\USER32.dll
0x00007ff8f4a20000 - 0x00007ff8f4a42000 	C:\Windows\System32\win32u.dll
0x00007ff8f5360000 - 0x00007ff8f538b000 	C:\Windows\System32\GDI32.dll
0x00007ff8f5100000 - 0x00007ff8f5219000 	C:\Windows\System32\gdi32full.dll
0x00007ff8f4b00000 - 0x00007ff8f4b9d000 	C:\Windows\System32\msvcp_win.dll
0x00007ff8862c0000 - 0x00007ff8862db000 	C:\Program Files\Android\Android Studio\jbr\bin\VCRUNTIME140.dll
0x00007ff8e5f40000 - 0x00007ff8e61db000 	C:\Windows\WinSxS\amd64_microsoft.windows.common-controls_6595b64144ccf1df_6.0.19041.6280_none_60bc30a171f2f3f3\COMCTL32.dll
0x00007ff8f52c0000 - 0x00007ff8f535e000 	C:\Windows\System32\msvcrt.dll
0x00007ff8f5690000 - 0x00007ff8f56bf000 	C:\Windows\System32\IMM32.DLL
0x00007ff8a8970000 - 0x00007ff8a897c000 	C:\Program Files\Android\Android Studio\jbr\bin\vcruntime140_1.dll
0x00007ff88da30000 - 0x00007ff88dabd000 	C:\Program Files\Android\Android Studio\jbr\bin\msvcp140.dll
0x00007ff885020000 - 0x00007ff885cb6000 	C:\Program Files\Android\Android Studio\jbr\bin\server\jvm.dll
0x00007ff8f6d00000 - 0x00007ff8f6db1000 	C:\Windows\System32\ADVAPI32.dll
0x00007ff8f5220000 - 0x00007ff8f52bf000 	C:\Windows\System32\sechost.dll
0x00007ff8f6dc0000 - 0x00007ff8f6ee0000 	C:\Windows\System32\RPCRT4.dll
0x00007ff8f4a50000 - 0x00007ff8f4a77000 	C:\Windows\System32\bcrypt.dll
0x00007ff8f6820000 - 0x00007ff8f688b000 	C:\Windows\System32\WS2_32.dll
0x00007ff8f3dd0000 - 0x00007ff8f3e1b000 	C:\Windows\SYSTEM32\POWRPROF.dll
0x00007ff8eace0000 - 0x00007ff8ead07000 	C:\Windows\SYSTEM32\WINMM.dll
0x00007ff8eacd0000 - 0x00007ff8eacda000 	C:\Windows\SYSTEM32\VERSION.dll
0x00007ff8f3c90000 - 0x00007ff8f3ca2000 	C:\Windows\SYSTEM32\UMPDC.dll
0x00007ff8f2710000 - 0x00007ff8f2722000 	C:\Windows\SYSTEM32\kernel.appcore.dll
0x00007ff8a5ad0000 - 0x00007ff8a5ada000 	C:\Program Files\Android\Android Studio\jbr\bin\jimage.dll
0x00007ff8d3a10000 - 0x00007ff8d3c11000 	C:\Windows\SYSTEM32\DBGHELP.DLL
0x00007ff8d46c0000 - 0x00007ff8d46f4000 	C:\Windows\SYSTEM32\dbgcore.DLL
0x00007ff8f4890000 - 0x00007ff8f4912000 	C:\Windows\System32\bcryptPrimitives.dll
0x00007ff8e4690000 - 0x00007ff8e469e000 	C:\Program Files\Android\Android Studio\jbr\bin\instrument.dll
0x00007ff8862a0000 - 0x00007ff8862c0000 	C:\Program Files\Android\Android Studio\jbr\bin\java.dll
0x00007ff886280000 - 0x00007ff886298000 	C:\Program Files\Android\Android Studio\jbr\bin\zip.dll
0x00007ff8f5d40000 - 0x00007ff8f64b0000 	C:\Windows\System32\SHELL32.dll
0x00007ff8f2910000 - 0x00007ff8f30b5000 	C:\Windows\SYSTEM32\windows.storage.dll
0x00007ff8f56c0000 - 0x00007ff8f5a13000 	C:\Windows\System32\combase.dll
0x00007ff8f42c0000 - 0x00007ff8f42eb000 	C:\Windows\SYSTEM32\Wldp.dll
0x00007ff8f5b30000 - 0x00007ff8f5bfd000 	C:\Windows\System32\OLEAUT32.dll
0x00007ff8f5c00000 - 0x00007ff8f5cad000 	C:\Windows\System32\SHCORE.dll
0x00007ff8f54b0000 - 0x00007ff8f550b000 	C:\Windows\System32\shlwapi.dll
0x00007ff8f47c0000 - 0x00007ff8f47e4000 	C:\Windows\SYSTEM32\profapi.dll
0x00007ff890950000 - 0x00007ff890960000 	C:\Program Files\Android\Android Studio\jbr\bin\net.dll
0x00007ff8edf30000 - 0x00007ff8ee03a000 	C:\Windows\SYSTEM32\WINHTTP.dll
0x00007ff8f4020000 - 0x00007ff8f408a000 	C:\Windows\system32\mswsock.dll
0x00007ff886260000 - 0x00007ff886276000 	C:\Program Files\Android\Android Studio\jbr\bin\nio.dll
0x00007ff88fab0000 - 0x00007ff88fac0000 	C:\Program Files\Android\Android Studio\jbr\bin\verify.dll
0x00007ff8cf9a0000 - 0x00007ff8cf9c7000 	C:\Users\Jo\.gradle\native\660c5614fbf4a5f2a75b1949f50a0caf5cd603558e7d8a26e50b933a0cfb79d1\windows-amd64\native-platform.dll
0x00007ff88df00000 - 0x00007ff88df77000 	C:\Users\Jo\.gradle\native\0.2.8\x86_64-windows-gnu\gradle-fileevents.dll
0x00007ff8e5a20000 - 0x00007ff8e5a29000 	C:\Program Files\Android\Android Studio\jbr\bin\management.dll
0x00007ff8e46b0000 - 0x00007ff8e46bb000 	C:\Program Files\Android\Android Studio\jbr\bin\management_ext.dll
0x00007ff8f5cb0000 - 0x00007ff8f5cb8000 	C:\Windows\System32\PSAPI.DLL
0x00007ff8f3cb0000 - 0x00007ff8f3ceb000 	C:\Windows\SYSTEM32\IPHLPAPI.DLL
0x00007ff8f7000000 - 0x00007ff8f7008000 	C:\Windows\System32\NSI.dll
0x00007ff8e5a30000 - 0x00007ff8e5a39000 	C:\Program Files\Android\Android Studio\jbr\bin\extnet.dll
0x00007ff8f4220000 - 0x00007ff8f4238000 	C:\Windows\SYSTEM32\CRYPTSP.dll
0x00007ff8f38d0000 - 0x00007ff8f3908000 	C:\Windows\system32\rsaenh.dll
0x00007ff8f4740000 - 0x00007ff8f476e000 	C:\Windows\SYSTEM32\USERENV.dll
0x00007ff8f4210000 - 0x00007ff8f421c000 	C:\Windows\SYSTEM32\CRYPTBASE.dll
0x00007ff8ac2e0000 - 0x00007ff8ac2e7000 	C:\Windows\system32\wshunix.dll

JVMTI agents:
C:\Users\Jo\.gradle\wrapper\dists\gradle-9.3.1-bin\23ovyewtku6u96viwx3xl3oks\gradle-9.3.1\lib\agents\gradle-instrumentation-agent-9.3.1.jar path:C:\Program Files\Android\Android Studio\jbr\bin\instrument.dll, loaded, initialized, instrumentlib options:none

dbghelp: loaded successfully - version: 4.0.5 - missing functions: none
symbol engine: initialized successfully - sym options: 0x614 - pdb path: .;C:\Program Files\Android\Android Studio\jbr\bin;C:\Windows\SYSTEM32;C:\Windows\WinSxS\amd64_microsoft.windows.common-controls_6595b64144ccf1df_6.0.19041.6280_none_60bc30a171f2f3f3;C:\Program Files\Android\Android Studio\jbr\bin\server;C:\Users\Jo\.gradle\native\660c5614fbf4a5f2a75b1949f50a0caf5cd603558e7d8a26e50b933a0cfb79d1\windows-amd64;C:\Users\Jo\.gradle\native\0.2.8\x86_64-windows-gnu

VM Arguments:
jvm_args: --add-opens=java.base/java.lang=ALL-UNNAMED --add-opens=java.base/java.lang.invoke=ALL-UNNAMED --add-opens=java.base/java.util=ALL-UNNAMED --add-opens=java.prefs/java.util.prefs=ALL-UNNAMED --add-exports=jdk.compiler/com.sun.tools.javac.api=ALL-UNNAMED --add-exports=jdk.compiler/com.sun.tools.javac.util=ALL-UNNAMED --add-opens=java.base/java.util=ALL-UNNAMED --add-opens=java.prefs/java.util.prefs=ALL-UNNAMED --add-opens=java.base/java.nio.charset=ALL-UNNAMED --add-opens=java.base/java.net=ALL-UNNAMED --add-opens=java.base/java.util.concurrent=ALL-UNNAMED --add-opens=java.base/java.util.concurrent.atomic=ALL-UNNAMED --add-opens=java.xml/javax.xml.namespace=ALL-UNNAMED --add-opens=java.base/java.time=ALL-UNNAMED -Xmx2048m -Dfile.encoding=UTF-8 -Duser.country=RU -Duser.language=ru -Duser.variant -javaagent:C:\Users\Jo\.gradle\wrapper\dists\gradle-9.3.1-bin\23ovyewtku6u96viwx3xl3oks\gradle-9.3.1\lib\agents\gradle-instrumentation-agent-9.3.1.jar 
java_command: org.gradle.launcher.daemon.bootstrap.GradleDaemon 9.3.1
java_class_path (initial): C:\Users\Jo\.gradle\wrapper\dists\gradle-9.3.1-bin\23ovyewtku6u96viwx3xl3oks\gradle-9.3.1\lib\gradle-daemon-main-9.3.1.jar
Launcher Type: SUN_STANDARD

[Global flags]
     intx CICompilerCount                          = 3                                         {product} {ergonomic}
     uint ConcGCThreads                            = 1                                         {product} {ergonomic}
     uint G1ConcRefinementThreads                  = 4                                         {product} {ergonomic}
   size_t G1HeapRegionSize                         = 1048576                                   {product} {ergonomic}
    uintx GCDrainStackTargetSize                   = 64                                        {product} {ergonomic}
   size_t InitialHeapSize                          = 125829120                                 {product} {ergonomic}
   size_t MarkStackSize                            = 4194304                                   {product} {ergonomic}
   size_t MaxHeapSize                              = 2147483648                                {product} {command line}
   size_t MaxNewSize                               = 1287651328                                {product} {ergonomic}
   size_t MinHeapDeltaBytes                        = 1048576                                   {product} {ergonomic}
   size_t MinHeapSize                              = 8388608                                   {product} {ergonomic}
    uintx NonNMethodCodeHeapSize                   = 5832780                                {pd product} {ergonomic}
    uintx NonProfiledCodeHeapSize                  = 122912730                              {pd product} {ergonomic}
    uintx ProfiledCodeHeapSize                     = 122912730                              {pd product} {ergonomic}
    uintx ReservedCodeCacheSize                    = 251658240                              {pd product} {ergonomic}
     bool SegmentedCodeCache                       = true                                      {product} {ergonomic}
   size_t SoftMaxHeapSize                          = 2147483648                             {manageable} {ergonomic}
     bool UseCompressedOops                        = true                           {product lp64_product} {ergonomic}
     bool UseG1GC                                  = true                                      {product} {ergonomic}
     bool UseLargePagesIndividualAllocation        = false                                  {pd product} {ergonomic}

Logging:
Log output configuration:
 #0: stdout all=warning uptime,level,tags foldmultilines=false
 #1: stderr all=off uptime,level,tags foldmultilines=false

Release file:
JAVA_VERSION="21.0.9" 
MODULES="java.base java.compiler java.datatransfer java.xml java.prefs java.desktop java.instrument java.logging java.management java.security.sasl java.naming java.rmi java.management.rmi java.net.http java.scripting java.security.jgss java.transaction.xa java.sql java.sql.rowset java.xml.crypto java.se java.smartcardio jdk.accessibility jdk.internal.jvmstat jdk.attach jdk.charsets jdk.internal.opt jdk.zipfs jdk.compiler jdk.crypto.ec jdk.crypto.cryptoki jdk.dynalink jdk.hotspot.agent jdk.httpserver jdk.internal.ed jdk.internal.le jdk.internal.vm.ci jdk.jartool jdk.javadoc jdk.jcmd jdk.jdeps jdk.jdwp.agent jdk.jdi jdk.jfr jdk.jlink jdk.jsobject jdk.localedata jdk.management jdk.management.agent jdk.management.jfr jdk.naming.dns jdk.naming.rmi jdk.net jdk.sctp jdk.security.auth jdk.security.jgss jdk.unsupported jdk.unsupported.desktop jdk.xml.dom" 
IMPLEMENTOR="JetBrains s.r.o." 
JAVA_RUNTIME_VERSION="21.0.9+-14787801-b1163.94" 
LIBC="default" 
OS_ARCH="x86_64" 
OS_NAME="Windows" 
SOURCE=".:git:0c757ddc9f2f" 

Environment Variables:
PATH=C:\Program Files (x86)\NVIDIA Corporation\PhysX\Common;C:\Program Files (x86)\AMD APP\bin\x86_64;C:\Program Files (x86)\AMD APP\bin\x86;C:\Windows\system32;C:\Windows;C:\Windows\System32\Wbem;C:\Windows\System32\WindowsPowerShell\v1.0\;C:\Windows\System32\OpenSSH\;C:\Program Files (x86)\AMD\ATI.ACE\Core-Static;C:\Program Files\Microsoft SQL Server\Client SDK\ODBC\170\Tools\Binn\;C:\Program Files (x86)\Microsoft SQL Server\150\Tools\Binn\;C:\Program Files\Microsoft SQL Server\150\Tools\Binn\;C:\Program Files\Microsoft SQL Server\150\DTS\Binn\;C:\Program Files (x86)\Windows Kits\8.1\Windows Performance Toolkit\;C:\Program Files\dotnet\;C:\Users\Jo\AppData\Local\Microsoft\WindowsApps;
USERNAME=Jo
OS=Windows_NT
PROCESSOR_IDENTIFIER=AMD64 Family 21 Model 16 Stepping 1, AuthenticAMD
TMP=C:\Users\Jo\AppData\Local\Temp
TEMP=C:\Users\Jo\AppData\Local\Temp




Periodic native trim disabled

JNI global refs:
JNI global refs: 27, weak refs: 1

JNI global refs memory usage: 835, weak refs: 833

Process memory usage:
Resident Set Size: 363440K (4% of 7840116K total physical memory with 714512K free physical memory)

OOME stack traces (most recent first):
Classloader memory used:
Loader org.gradle.internal.classloader.VisitableURLClassLoader                         : 37214K
Loader bootstrap                                                                       : 22815K
Loader org.gradle.initialization.MixInLegacyTypesClassLoader                           : 11140K
Loader org.gradle.internal.classloader.VisitableURLClassLoader                         : 1053K
Loader org.gradle.internal.classloader.VisitableURLClassLoader$InstrumentingVisitableURLClassLoader: 738K
Loader jdk.internal.reflect.DelegatingClassLoader                                      : 300K
Loader jdk.internal.loader.ClassLoaders$AppClassLoader                                 : 229K
Loader jdk.internal.loader.ClassLoaders$PlatformClassLoader                            : 162K
Loader org.gradle.groovy.scripts.internal.DefaultScriptCompilationHandler$ScriptClassLoader: 92360B

Classes loaded by more than one classloader:
Class org.gradle.internal.IoActions                                                   : loaded 3 times (x 71B)
Class org.gradle.api.Action                                                           : loaded 3 times (x 70B)
Class org.gradle.internal.Cast                                                        : loaded 3 times (x 71B)
Class org.gradle.api.GradleException                                                  : loaded 3 times (x 82B)
Class Program                                                                         : loaded 3 times (x 72B)
Class org.gradle.internal.operations.MultipleBuildOperationFailures                   : loaded 2 times (x 95B)
Class org.gradle.internal.classloader.DefaultClassLoaderFactory                       : loaded 2 times (x 82B)
Class kotlin.collections.AbstractList$Companion                                       : loaded 2 times (x 71B)
Class org.gradle.internal.classloader.ClassLoaderVisitor                              : loaded 2 times (x 76B)
Class org.gradle.api.internal.classpath.EffectiveClassPath                            : loaded 2 times (x 90B)
Class org.gradle.tooling.internal.gradle.DefaultProjectIdentifier                     : loaded 2 times (x 86B)
Class org.gradle.api.internal.DefaultClassPathProvider                                : loaded 2 times (x 76B)
Class [Lorg.gradle.api.internal.ClassPathProvider;                                    : loaded 2 times (x 69B)
Class org.gradle.api.internal.ClassPathProvider                                       : loaded 2 times (x 70B)
Class org.gradle.internal.service.UnknownServiceException                             : loaded 2 times (x 83B)
Class org.gradle.internal.classpath.TransformedClassPath                              : loaded 2 times (x 96B)
Class org.gradle.internal.classloader.InstrumentingClassLoader                        : loaded 2 times (x 70B)
Class com.google.common.collect.Iterators$ArrayItr                                    : loaded 2 times (x 97B)
Class kotlin.enums.EnumEntriesList                                                    : loaded 2 times (x 223B)
Class com.google.common.collect.UnmodifiableIterator                                  : loaded 2 times (x 80B)
Class org.gradle.internal.service.ServiceLocator                                      : loaded 2 times (x 70B)
Class com.intellij.gradle.toolingExtension.util.GradleVersionUtil                     : loaded 2 times (x 71B)
Class com.google.common.collect.Iterators$SingletonIterator                           : loaded 2 times (x 81B)
Class org.gradle.tooling.model.UnsupportedMethodException                             : loaded 2 times (x 82B)
Class com.google.common.collect.Iterators                                             : loaded 2 times (x 71B)
Class com.google.common.collect.Lists$StringAsImmutableList                           : loaded 2 times (x 207B)
Class org.gradle.internal.time.DefaultTimer                                           : loaded 2 times (x 80B)
Class org.gradle.internal.classloader.ClasspathUtil$1                                 : loaded 2 times (x 76B)
Class org.gradle.api.internal.classpath.DefaultModuleRegistry$DefaultModule           : loaded 2 times (x 86B)
Class com.google.common.collect.AbstractIterator                                      : loaded 2 times (x 82B)
Class com.google.common.collect.AbstractIndexedListIterator                           : loaded 2 times (x 96B)
Class org.gradle.internal.time.DefaultCountdownTimer                                  : loaded 2 times (x 88B)
Class org.gradle.tooling.internal.gradle.DefaultBuildIdentifier                       : loaded 2 times (x 79B)
Class org.gradle.api.internal.classpath.Module                                        : loaded 2 times (x 70B)
Class org.gradle.api.internal.classpath.UnknownModuleException                        : loaded 2 times (x 82B)
Class org.gradle.tooling.internal.gradle.GradleProjectIdentity                        : loaded 2 times (x 70B)
Class org.gradle.api.internal.DefaultClassPathRegistry                                : loaded 2 times (x 76B)
Class org.gradle.api.internal.ClassPathRegistry                                       : loaded 2 times (x 70B)
Class org.gradle.internal.classpath.DefaultClassPath$ImmutableUniqueList              : loaded 2 times (x 199B)
Class com.google.common.collect.UnmodifiableListIterator                              : loaded 2 times (x 95B)
Class Settings_gradle$1                                                               : loaded 2 times (x 74B)
Class org.gradle.internal.classpath.ClassPath                                         : loaded 2 times (x 70B)
Class com.google.common.collect.Iterators$1                                           : loaded 2 times (x 81B)
Class org.gradle.api.internal.classpath.ManifestUtil                                  : loaded 2 times (x 71B)
Class sync_studio_tooling10_54bxnuuzz4fo795k8a2zsn5j7$_run_closure1                   : loaded 2 times (x 139B)
Class kotlin.UninitializedPropertyAccessException                                     : loaded 2 times (x 82B)
Class com.google.common.collect.Iterators$4                                           : loaded 2 times (x 82B)
Class org.gradle.api.internal.classpath.ModuleRegistry                                : loaded 2 times (x 70B)
Class org.gradle.internal.installation.GradleInstallation$1                           : loaded 2 times (x 75B)
Class com.google.common.collect.Iterators$5                                           : loaded 2 times (x 82B)
Class com.google.common.collect.ImmutableCollection                                   : loaded 2 times (x 125B)
Class org.gradle.api.internal.classpath.DefaultModuleRegistry                         : loaded 2 times (x 86B)
Class com.google.common.collect.Lists                                                 : loaded 2 times (x 71B)
Class com.google.common.collect.Iterators$9                                           : loaded 2 times (x 81B)
Class sync_studio_tooling10_54bxnuuzz4fo795k8a2zsn5j7                                 : loaded 2 times (x 171B)
Class org.gradle.internal.time.MonotonicClock                                         : loaded 2 times (x 77B)
Class org.gradle.internal.service.ServiceLookupException                              : loaded 2 times (x 82B)
Class org.gradle.internal.classloader.ClassLoaderFactory                              : loaded 2 times (x 70B)
Class org.gradle.internal.service.CachingServiceLocator                               : loaded 2 times (x 82B)
Class org.gradle.internal.time.TimeSource                                             : loaded 2 times (x 70B)
Class org.gradle.tooling.internal.gradle.GradleBuildIdentity                          : loaded 2 times (x 70B)
Class kotlin.enums.EnumEntries                                                        : loaded 2 times (x 70B)
Class org.gradle.internal.exceptions.ResolutionProvider                               : loaded 2 times (x 70B)
Class ijInit1_3e4kjeyds8hnxaob0y50lw54w                                               : loaded 2 times (x 171B)
Class org.gradle.tooling.model.ProjectIdentifier                                      : loaded 2 times (x 70B)
Class org.gradle.internal.classloader.ClasspathUtil                                   : loaded 2 times (x 71B)
Class ijInit1_3e4kjeyds8hnxaob0y50lw54w$_run_closure1                                 : loaded 2 times (x 140B)
Class org.gradle.internal.time.TimeSource$1                                           : loaded 2 times (x 77B)
Class kotlin.jvm.internal.DefaultConstructorMarker                                    : loaded 2 times (x 71B)
Class org.gradle.api.specs.Spec                                                       : loaded 2 times (x 70B)
Class com.intellij.gradle.toolingExtension.impl.model.utilDummyModel.DummyModel       : loaded 2 times (x 70B)
Class org.gradle.internal.time.Clock                                                  : loaded 2 times (x 70B)
Class kotlin.collections.AbstractList                                                 : loaded 2 times (x 197B)
Class kotlin.collections.AbstractCollection                                           : loaded 2 times (x 117B)
Class org.gradle.internal.classloader.VisitableURLClassLoader$InstrumentingVisitableURLClassLoader: loaded 2 times (x 123B)
Class org.gradle.internal.classloader.VisitableURLClassLoader$Spec                    : loaded 2 times (x 74B)
Class org.gradle.internal.classpath.DefaultClassPath                                  : loaded 2 times (x 90B)
Class org.gradle.util.internal.DefaultGradleVersion                                   : loaded 2 times (x 82B)
Class org.gradle.internal.classloader.ClassLoaderSpec                                 : loaded 2 times (x 71B)
Class Settings_gradle$1$1                                                             : loaded 2 times (x 74B)
Class org.gradle.internal.classloader.VisitableURLClassLoader                         : loaded 2 times (x 117B)
Class Settings_gradle                                                                 : loaded 2 times (x 124B)
Class org.gradle.internal.classloader.ClassLoaderHierarchy                            : loaded 2 times (x 70B)
Class org.gradle.internal.classloader.FilteringClassLoader                            : loaded 2 times (x 105B)
Class org.gradle.internal.classpath.DefaultClassPath$ImmutableUniqueList$Builder      : loaded 2 times (x 75B)
Class org.gradle.tooling.model.Model                                                  : loaded 2 times (x 70B)
Class org.gradle.internal.exceptions.NonGradleCauseExceptionsHolder                   : loaded 2 times (x 70B)
Class kotlin.NotImplementedError                                                      : loaded 2 times (x 82B)
Class kotlin.enums.EnumEntriesKt                                                      : loaded 2 times (x 71B)
Class org.gradle.internal.classloader.SystemClassLoaderSpec                           : loaded 2 times (x 71B)
Class org.gradle.internal.exceptions.MultiCauseException                              : loaded 2 times (x 70B)
Class org.gradle.internal.time.CountdownTimer                                         : loaded 2 times (x 70B)
Class kotlin.jvm.internal.Intrinsics                                                  : loaded 2 times (x 71B)
Class org.gradle.tooling.model.ProjectModel                                           : loaded 2 times (x 70B)
Class kotlin.KotlinNullPointerException                                               : loaded 2 times (x 83B)
Class org.gradle.internal.exceptions.DefaultMultiCauseException                       : loaded 2 times (x 95B)
Class com.google.common.base.Preconditions                                            : loaded 2 times (x 71B)
Class com.google.common.collect.PeekingIterator                                       : loaded 2 times (x 70B)
Class org.gradle.internal.time.Time                                                   : loaded 2 times (x 71B)
Class org.gradle.api.internal.classpath.GlobalCacheRootsProvider                      : loaded 2 times (x 70B)
Class org.gradle.tooling.model.BuildIdentifier                                        : loaded 2 times (x 70B)
Class kotlin.NoWhenBranchMatchedException                                             : loaded 2 times (x 82B)
Class org.gradle.internal.time.Timer                                                  : loaded 2 times (x 70B)
Class kotlin.jvm.internal.markers.KMappedMarker                                       : loaded 2 times (x 70B)
Class org.gradle.internal.installation.CurrentGradleInstallationLocator               : loaded 2 times (x 71B)
Class com.google.common.collect.ImmutableList                                         : loaded 2 times (x 206B)
Class org.gradle.internal.service.DefaultServiceLocator                               : loaded 2 times (x 83B)
Class org.gradle.util.GradleVersion                                                   : loaded 2 times (x 81B)
Class org.gradle.internal.installation.CurrentGradleInstallation                      : loaded 2 times (x 73B)
Class org.gradle.util.internal.GUtil                                                  : loaded 2 times (x 71B)
Class com.google.common.collect.Iterators$MergingIterator                             : loaded 2 times (x 81B)
Class org.gradle.internal.installation.GradleInstallation                             : loaded 2 times (x 75B)

---------------  S Y S T E M  ---------------

OS:
 Windows 10 , 64 bit Build 19041 (10.0.19041.5915)
OS uptime: 0 days 1:34 hours

CPU: total 4 (initial active 4) (4 cores per cpu, 1 threads per core) family 21 model 16 stepping 1 microcode 0x0, cx8, cmov, fxsr, mmx, 3dnowpref, sse, sse2, sse3, ssse3, sse4a, sse4.1, sse4.2, popcnt, lzcnt, tsc, tscinvbit, avx, aes, clmul, bmi1, fma, vzeroupper, clflush, rdtscp, f16c
Processor Information for the first 4 processors :
  Max Mhz: 1900, Current Mhz: 1900, Mhz Limit: 1900

Memory: 4k page, system-wide physical 7656M (691M free)
TotalPageFile size 9704M (AvailPageFile size 62M)
current process WorkingSet (physical memory assigned to process): 354M, peak: 354M
current process commit charge ("private bytes"): 384M, peak: 466M

vm_info: OpenJDK 64-Bit Server VM (21.0.9+-14787801-b1163.94) for windows-amd64 JRE (21.0.9+-14787801-b1163.94), built on 2026-01-27T21:15:44Z by "builder" with MS VC++ 16.10 / 16.11 (VS2019)

END.
